{"/Users/valentijnnieman/dev/js/curve-visual/src/App.tsx": {"path":"/Users/valentijnnieman/dev/js/curve-visual/src/App.tsx","statementMap":{"0":{"start":{"line":1,"column":0},"end":{"line":1,"column":31}},"1":{"start":{"line":2,"column":0},"end":{"line":2,"column":39}},"2":{"start":{"line":3,"column":0},"end":{"line":3,"column":19}},"3":{"start":{"line":4,"column":0},"end":{"line":4,"column":66}},"4":{"start":{"line":5,"column":0},"end":{"line":5,"column":36}},"5":{"start":{"line":6,"column":0},"end":{"line":6,"column":44}},"6":{"start":{"line":7,"column":0},"end":{"line":7,"column":67}},"7":{"start":{"line":8,"column":0},"end":{"line":8,"column":28}},"8":{"start":{"line":10,"column":0},"end":{"line":10,"column":24}},"9":{"start":{"line":10,"column":18},"end":{"line":10,"column":33}},"10":{"start":{"line":11,"column":2},"end":{"line":22,"column":3}},"11":{"start":{"line":12,"column":4},"end":{"line":17,"column":45}},"12":{"start":{"line":23,"column":0},"end":{"line":null,"column":-1}},"13":{"start":{"line":25,"column":0},"end":{"line":25,"column":15}}},"fnMap":{"0":{"name":"(anonymous_5)","decl":{"start":{"line":10,"column":0},"end":{"line":null,"column":-1}},"loc":{"start":{"line":10,"column":0},"end":{"line":10,"column":17}}},"1":{"name":"(anonymous_7)","decl":{"start":{"line":11,"column":2},"end":{"line":null,"column":-1}},"loc":{"start":{"line":11,"column":2},"end":{"line":22,"column":3}}}},"branchMap":{"0":{"loc":{"start":{"line":23,"column":0},"end":{"line":null,"column":-1}},"type":"binary-expr","locations":[{"start":{"line":23,"column":0},"end":{"line":null,"column":-1}}]}},"s":{"0":0,"1":0,"2":0,"3":0,"4":0,"5":0,"6":0,"7":0,"8":0,"9":0,"10":0,"11":0,"12":0,"13":0},"f":{"0":0,"1":0},"b":{"0":[0]}}
,"/Users/valentijnnieman/dev/js/curve-visual/src/index.tsx": {"path":"/Users/valentijnnieman/dev/js/curve-visual/src/index.tsx","statementMap":{"0":{"start":{"line":1,"column":0},"end":{"line":1,"column":31}},"1":{"start":{"line":2,"column":0},"end":{"line":2,"column":38}},"2":{"start":{"line":3,"column":0},"end":{"line":3,"column":24}},"3":{"start":{"line":5,"column":0},"end":{"line":5,"column":21}},"4":{"start":{"line":7,"column":0},"end":{"line":7,"column":49}}},"fnMap":{},"branchMap":{},"s":{"0":0,"1":0,"2":0,"3":0,"4":0},"f":{},"b":{}}
,"/Users/valentijnnieman/dev/js/curve-visual/src/registerServiceWorker.ts": {"path":"/Users/valentijnnieman/dev/js/curve-visual/src/registerServiceWorker.ts","statementMap":{"0":{"start":{"line":12,"column":20},"end":{"line":18,"column":6}},"1":{"start":{"line":23,"column":2},"end":{"line":47,"column":3}},"2":{"start":{"line":25,"column":22},"end":{"line":27,"column":22}},"3":{"start":{"line":29,"column":4},"end":{"line":34,"column":5}},"4":{"start":{"line":33,"column":6},"end":{"line":null,"column":-1}},"5":{"start":{"line":36,"column":4},"end":{"line":46,"column":5}},"6":{"start":{"line":37,"column":23},"end":{"line":37,"column":65}},"7":{"start":{"line":39,"column":6},"end":{"line":45,"column":7}},"8":{"start":{"line":41,"column":8},"end":{"line":41,"column":24}},"9":{"start":{"line":44,"column":8},"end":{"line":44,"column":32}},"10":{"start":{"line":22,"column":0},"end":{"line":48,"column":1}},"11":{"start":{"line":51,"column":2},"end":{"line":78,"column":5}},"12":{"start":{"line":54,"column":6},"end":{"line":74,"column":7}},"13":{"start":{"line":55,"column":33},"end":{"line":55,"column":46}},"14":{"start":{"line":56,"column":8},"end":{"line":73,"column":9}},"15":{"start":{"line":57,"column":10},"end":{"line":72,"column":11}},"16":{"start":{"line":58,"column":12},"end":{"line":71,"column":13}},"17":{"start":{"line":59,"column":14},"end":{"line":70,"column":15}},"18":{"start":{"line":64,"column":16},"end":{"line":64,"column":28}},"19":{"start":{"line":69,"column":16},"end":{"line":69,"column":28}},"20":{"start":{"line":77,"column":6},"end":{"line":77,"column":65}},"21":{"start":{"line":83,"column":2},"end":{"line":105,"column":5}},"22":{"start":{"line":86,"column":6},"end":{"line":99,"column":7}},"23":{"start":{"line":91,"column":8},"end":{"line":95,"column":9}},"24":{"start":{"line":92,"column":10},"end":{"line":94,"column":11}},"25":{"start":{"line":93,"column":12},"end":{"line":93,"column":28}},"26":{"start":{"line":98,"column":8},"end":{"line":98,"column":24}},"27":{"start":{"line":102,"column":6},"end":{"line":103,"column":8}},"28":{"start":{"line":109,"column":2},"end":{"line":113,"column":3}},"29":{"start":{"line":110,"column":4},"end":{"line":112,"column":5}},"30":{"start":{"line":111,"column":6},"end":{"line":111,"column":19}},"31":{"start":{"line":108,"column":0},"end":{"line":114,"column":1}}},"fnMap":{"0":{"name":"register","decl":{"start":{"line":22,"column":0},"end":{"line":null,"column":-1}},"loc":{"start":{"line":22,"column":0},"end":{"line":48,"column":1}}},"1":{"name":"(anonymous_1)","decl":{"start":{"line":36,"column":36},"end":{"line":null,"column":-1}},"loc":{"start":{"line":36,"column":36},"end":{"line":46,"column":5}}},"2":{"name":"registerValidSW","decl":{"start":{"line":50,"column":0},"end":{"line":50,"column":24}},"loc":{"start":{"line":50,"column":25},"end":{"line":79,"column":1}}},"3":{"name":"(anonymous_3)","decl":{"start":{"line":53,"column":10},"end":{"line":53,"column":9}},"loc":{"start":{"line":53,"column":10},"end":{"line":75,"column":5}}},"4":{"name":"(anonymous_4)","decl":{"start":{"line":54,"column":35},"end":{"line":null,"column":-1}},"loc":{"start":{"line":54,"column":35},"end":{"line":74,"column":7}}},"5":{"name":"(anonymous_5)","decl":{"start":{"line":57,"column":43},"end":{"line":null,"column":-1}},"loc":{"start":{"line":57,"column":43},"end":{"line":72,"column":11}}},"6":{"name":"(anonymous_6)","decl":{"start":{"line":76,"column":11},"end":{"line":76,"column":10}},"loc":{"start":{"line":76,"column":11},"end":{"line":78,"column":5}}},"7":{"name":"checkValidServiceWorker","decl":{"start":{"line":81,"column":0},"end":{"line":81,"column":32}},"loc":{"start":{"line":81,"column":33},"end":{"line":106,"column":1}}},"8":{"name":"(anonymous_8)","decl":{"start":{"line":84,"column":10},"end":{"line":84,"column":9}},"loc":{"start":{"line":84,"column":10},"end":{"line":100,"column":5}}},"9":{"name":"(anonymous_9)","decl":{"start":{"line":91,"column":43},"end":{"line":91,"column":42}},"loc":{"start":{"line":91,"column":43},"end":{"line":95,"column":9}}},"10":{"name":"(anonymous_10)","decl":{"start":{"line":92,"column":41},"end":{"line":null,"column":-1}},"loc":{"start":{"line":92,"column":41},"end":{"line":94,"column":11}}},"11":{"name":"(anonymous_11)","decl":{"start":{"line":101,"column":11},"end":{"line":null,"column":-1}},"loc":{"start":{"line":101,"column":11},"end":{"line":105,"column":5}}},"12":{"name":"unregister","decl":{"start":{"line":108,"column":0},"end":{"line":null,"column":-1}},"loc":{"start":{"line":108,"column":0},"end":{"line":114,"column":1}}},"13":{"name":"(anonymous_13)","decl":{"start":{"line":110,"column":39},"end":{"line":110,"column":38}},"loc":{"start":{"line":110,"column":39},"end":{"line":112,"column":5}}}},"branchMap":{"0":{"loc":{"start":{"line":13,"column":2},"end":{"line":13,"column":31}},"type":"binary-expr","locations":[{"start":{"line":13,"column":2},"end":{"line":13,"column":31}},{"start":{"line":15,"column":4},"end":{"line":15,"column":33}},{"start":{"line":17,"column":4},"end":{"line":18,"column":6}}]},"1":{"loc":{"start":{"line":23,"column":2},"end":{"line":47,"column":3}},"type":"if","locations":[{"start":{"line":23,"column":2},"end":{"line":47,"column":3}},{"start":{"line":23,"column":2},"end":{"line":47,"column":3}}]},"2":{"loc":{"start":{"line":23,"column":6},"end":{"line":23,"column":31}},"type":"binary-expr","locations":[{"start":{"line":23,"column":6},"end":{"line":23,"column":31}},{"start":{"line":23,"column":47},"end":{"line":23,"column":66}}]},"3":{"loc":{"start":{"line":29,"column":4},"end":{"line":34,"column":5}},"type":"if","locations":[{"start":{"line":29,"column":4},"end":{"line":34,"column":5}},{"start":{"line":29,"column":4},"end":{"line":34,"column":5}}]},"4":{"loc":{"start":{"line":39,"column":6},"end":{"line":45,"column":7}},"type":"if","locations":[{"start":{"line":39,"column":6},"end":{"line":45,"column":7}},{"start":{"line":39,"column":6},"end":{"line":45,"column":7}}]},"5":{"loc":{"start":{"line":56,"column":8},"end":{"line":73,"column":9}},"type":"if","locations":[{"start":{"line":56,"column":8},"end":{"line":73,"column":9}},{"start":{"line":56,"column":8},"end":{"line":73,"column":9}}]},"6":{"loc":{"start":{"line":58,"column":12},"end":{"line":71,"column":13}},"type":"if","locations":[{"start":{"line":58,"column":12},"end":{"line":71,"column":13}},{"start":{"line":58,"column":12},"end":{"line":71,"column":13}}]},"7":{"loc":{"start":{"line":59,"column":14},"end":{"line":70,"column":15}},"type":"if","locations":[{"start":{"line":59,"column":14},"end":{"line":70,"column":15}},{"start":{"line":59,"column":14},"end":{"line":70,"column":15}}]},"8":{"loc":{"start":{"line":86,"column":6},"end":{"line":99,"column":7}},"type":"if","locations":[{"start":{"line":86,"column":6},"end":{"line":99,"column":7}},{"start":{"line":86,"column":6},"end":{"line":99,"column":7}}]},"9":{"loc":{"start":{"line":87,"column":8},"end":{"line":87,"column":28}},"type":"binary-expr","locations":[{"start":{"line":87,"column":8},"end":{"line":87,"column":28}},{"start":{"line":88,"column":8},"end":{"line":88,"column":73}}]},"10":{"loc":{"start":{"line":109,"column":2},"end":{"line":113,"column":3}},"type":"if","locations":[{"start":{"line":109,"column":2},"end":{"line":113,"column":3}},{"start":{"line":109,"column":2},"end":{"line":113,"column":3}}]}},"s":{"0":0,"1":0,"2":0,"3":0,"4":0,"5":0,"6":0,"7":0,"8":0,"9":0,"10":0,"11":0,"12":0,"13":0,"14":0,"15":0,"16":0,"17":0,"18":0,"19":0,"20":0,"21":0,"22":0,"23":0,"24":0,"25":0,"26":0,"27":0,"28":0,"29":0,"30":0,"31":0},"f":{"0":0,"1":0,"2":0,"3":0,"4":0,"5":0,"6":0,"7":0,"8":0,"9":0,"10":0,"11":0,"12":0,"13":0},"b":{"0":[0,0,0],"1":[0,0],"2":[0,0],"3":[0,0],"4":[0,0],"5":[0,0],"6":[0,0],"7":[0,0],"8":[0,0],"9":[0,0],"10":[0,0]}}
,"/Users/valentijnnieman/dev/js/curve-visual/src/store.ts": {"path":"/Users/valentijnnieman/dev/js/curve-visual/src/store.ts","statementMap":{"0":{"start":{"line":1,"column":0},"end":{"line":1,"column":36}},"1":{"start":{"line":2,"column":0},"end":{"line":2,"column":43}},"2":{"start":{"line":13,"column":14},"end":{"line":13,"column":49}},"3":{"start":{"line":15,"column":0},"end":{"line":15,"column":15}}},"fnMap":{},"branchMap":{},"s":{"0":0,"1":0,"2":0,"3":0},"f":{},"b":{}}
,"/Users/valentijnnieman/dev/js/curve-visual/src/actions/block.tsx": {"path":"/Users/valentijnnieman/dev/js/curve-visual/src/actions/block.tsx","statementMap":{"0":{"start":{"line":19,"column":2},"end":{"line":22,"column":4}},"1":{"start":{"line":18,"column":0},"end":{"line":23,"column":1}},"2":{"start":{"line":26,"column":2},"end":{"line":29,"column":4}},"3":{"start":{"line":25,"column":0},"end":{"line":30,"column":1}}},"fnMap":{"0":{"name":"updateBlock","decl":{"start":{"line":18,"column":0},"end":{"line":18,"column":27}},"loc":{"start":{"line":18,"column":44},"end":{"line":23,"column":1}}},"1":{"name":"createBlock","decl":{"start":{"line":25,"column":0},"end":{"line":25,"column":27}},"loc":{"start":{"line":25,"column":44},"end":{"line":30,"column":1}}}},"branchMap":{},"s":{"0":0,"1":1,"2":0,"3":1},"f":{"0":0,"1":0},"b":{}}
,"/Users/valentijnnieman/dev/js/curve-visual/src/components/Analyser.tsx": {"path":"/Users/valentijnnieman/dev/js/curve-visual/src/components/Analyser.tsx","statementMap":{"0":{"start":{"line":1,"column":0},"end":{"line":1,"column":30}},"1":{"start":{"line":9,"column":0},"end":{"line":9,"column":45}},"2":{"start":{"line":9,"column":30},"end":{"line":9,"column":60}},"3":{"start":{"line":9,"column":0},"end":{"line":60,"column":0}},"4":{"start":{"line":12,"column":2},"end":{"line":38,"column":4}},"5":{"start":{"line":13,"column":14},"end":{"line":13,"column":78}},"6":{"start":{"line":14,"column":16},"end":{"line":14,"column":32}},"7":{"start":{"line":15,"column":17},"end":{"line":15,"column":34}},"8":{"start":{"line":16,"column":19},"end":{"line":16,"column":72}},"9":{"start":{"line":17,"column":18},"end":{"line":17,"column":30}},"10":{"start":{"line":18,"column":21},"end":{"line":18,"column":22}},"11":{"start":{"line":20,"column":4},"end":{"line":20,"column":56}},"12":{"start":{"line":22,"column":4},"end":{"line":22,"column":47}},"13":{"start":{"line":23,"column":4},"end":{"line":23,"column":38}},"14":{"start":{"line":25,"column":4},"end":{"line":25,"column":22}},"15":{"start":{"line":26,"column":4},"end":{"line":26,"column":43}},"16":{"start":{"line":27,"column":4},"end":{"line":27,"column":20}},"17":{"start":{"line":29,"column":4},"end":{"line":35,"column":5}},"18":{"start":{"line":34,"column":6},"end":{"line":34,"column":65}},"19":{"start":{"line":37,"column":4},"end":{"line":37,"column":17}},"20":{"start":{"line":40,"column":2},"end":{"line":43,"column":4}},"21":{"start":{"line":41,"column":4},"end":{"line":41,"column":21}},"22":{"start":{"line":42,"column":4},"end":{"line":42,"column":37}},"23":{"start":{"line":45,"column":2},"end":{"line":47,"column":3}},"24":{"start":{"line":46,"column":4},"end":{"line":46,"column":16}},"25":{"start":{"line":49,"column":2},"end":{"line":59,"column":3}},"26":{"start":{"line":49,"column":2},"end":{"line":59,"column":2}},"27":{"start":{"line":50,"column":4},"end":{"line":58,"column":6}},"28":{"start":{"line":53,"column":10},"end":{"line":53,"column":67}},"29":{"start":{"line":60,"column":0},"end":{"line":60,"column":1}},"30":{"start":{"line":9,"column":13},"end":{"line":9,"column":21}}},"fnMap":{"0":{"name":"(anonymous_5)","decl":{"start":{"line":9,"column":0},"end":{"line":null,"column":-1}},"loc":{"start":{"line":9,"column":0},"end":{"line":9,"column":-1}}},"1":{"name":"(anonymous_7)","decl":{"start":{"line":12,"column":14},"end":{"line":null,"column":-1}},"loc":{"start":{"line":12,"column":14},"end":{"line":38,"column":3}}},"2":{"name":"(anonymous_8)","decl":{"start":{"line":40,"column":9},"end":{"line":null,"column":-1}},"loc":{"start":{"line":40,"column":9},"end":{"line":43,"column":3}}},"3":{"name":"(anonymous_9)","decl":{"start":{"line":45,"column":2},"end":{"line":null,"column":-1}},"loc":{"start":{"line":45,"column":2},"end":{"line":47,"column":3}}},"4":{"name":"(anonymous_10)","decl":{"start":{"line":49,"column":2},"end":{"line":null,"column":-1}},"loc":{"start":{"line":49,"column":2},"end":{"line":59,"column":3}}},"5":{"name":"(anonymous_11)","decl":{"start":{"line":52,"column":13},"end":{"line":52,"column":12}},"loc":{"start":{"line":52,"column":26},"end":{"line":54,"column":9}}}},"branchMap":{"0":{"loc":{"start":{"line":9,"column":0},"end":{"line":60,"column":0}},"type":"binary-expr","locations":[{"start":{"line":9,"column":0},"end":{"line":60,"column":0}},{"start":{"line":9,"column":0},"end":{"line":60,"column":0}},{"start":{"line":9,"column":0},"end":{"line":60,"column":0}}]},"1":{"loc":{"start":{"line":31,"column":6},"end":{"line":31,"column":25}},"type":"binary-expr","locations":[{"start":{"line":31,"column":6},"end":{"line":31,"column":25}},{"start":{"line":31,"column":29},"end":{"line":31,"column":51}}]}},"s":{"0":4,"1":4,"2":4,"3":3,"4":3,"5":3,"6":3,"7":3,"8":3,"9":3,"10":3,"11":3,"12":3,"13":3,"14":3,"15":3,"16":3,"17":3,"18":519,"19":3,"20":3,"21":3,"22":3,"23":4,"24":3,"25":4,"26":3,"27":3,"28":3,"29":4,"30":4},"f":{"0":7,"1":3,"2":3,"3":3,"4":3,"5":3},"b":{"0":[3,3,3],"1":[522,522]}}
,"/Users/valentijnnieman/dev/js/curve-visual/src/components/block/BiquadBlock.tsx": {"path":"/Users/valentijnnieman/dev/js/curve-visual/src/components/block/BiquadBlock.tsx","statementMap":{"0":{"start":{"line":1,"column":0},"end":{"line":1,"column":30}},"1":{"start":{"line":4,"column":0},"end":{"line":4,"column":45}},"2":{"start":{"line":6,"column":0},"end":{"line":6,"column":39}},"3":{"start":{"line":9,"column":0},"end":{"line":9,"column":51}},"4":{"start":{"line":10,"column":0},"end":{"line":10,"column":43}},"5":{"start":{"line":12,"column":0},"end":{"line":12,"column":24}},"6":{"start":{"line":13,"column":0},"end":{"line":13,"column":21}},"7":{"start":{"line":14,"column":0},"end":{"line":14,"column":38}},"8":{"start":{"line":17,"column":0},"end":{"line":17,"column":51}},"9":{"start":{"line":19,"column":0},"end":{"line":19,"column":40}},"10":{"start":{"line":21,"column":0},"end":{"line":21,"column":48}},"11":{"start":{"line":21,"column":33},"end":{"line":21,"column":66}},"12":{"start":{"line":30,"column":4},"end":{"line":30,"column":16}},"13":{"start":{"line":38,"column":2},"end":{"line":62,"column":4}},"14":{"start":{"line":40,"column":4},"end":{"line":55,"column":5}},"15":{"start":{"line":42,"column":8},"end":{"line":43,"column":18}},"16":{"start":{"line":44,"column":8},"end":{"line":44,"column":69}},"17":{"start":{"line":45,"column":8},"end":{"line":45,"column":14}},"18":{"start":{"line":47,"column":8},"end":{"line":48,"column":28}},"19":{"start":{"line":49,"column":8},"end":{"line":49,"column":69}},"20":{"start":{"line":50,"column":8},"end":{"line":50,"column":14}},"21":{"start":{"line":52,"column":8},"end":{"line":53,"column":18}},"22":{"start":{"line":54,"column":8},"end":{"line":54,"column":69}},"23":{"start":{"line":56,"column":4},"end":{"line":61,"column":6}},"24":{"start":{"line":64,"column":2},"end":{"line":83,"column":4}},"25":{"start":{"line":65,"column":4},"end":{"line":65,"column":23}},"26":{"start":{"line":66,"column":4},"end":{"line":66,"column":24}},"27":{"start":{"line":68,"column":20},"end":{"line":68,"column":42}},"28":{"start":{"line":69,"column":4},"end":{"line":82,"column":5}},"29":{"start":{"line":70,"column":7},"end":{"line":74,"column":8}},"30":{"start":{"line":77,"column":24},"end":{"line":80,"column":7}},"31":{"start":{"line":81,"column":6},"end":{"line":81,"column":43}},"32":{"start":{"line":84,"column":2},"end":{"line":94,"column":4}},"33":{"start":{"line":86,"column":5},"end":{"line":86,"column":74}},"34":{"start":{"line":89,"column":22},"end":{"line":92,"column":5}},"35":{"start":{"line":93,"column":4},"end":{"line":93,"column":41}},"36":{"start":{"line":95,"column":2},"end":{"line":112,"column":4}},"37":{"start":{"line":96,"column":4},"end":{"line":96,"column":23}},"38":{"start":{"line":97,"column":4},"end":{"line":97,"column":24}},"39":{"start":{"line":99,"column":17},"end":{"line":99,"column":39}},"40":{"start":{"line":100,"column":4},"end":{"line":111,"column":5}},"41":{"start":{"line":101,"column":7},"end":{"line":104,"column":8}},"42":{"start":{"line":106,"column":24},"end":{"line":109,"column":7}},"43":{"start":{"line":110,"column":6},"end":{"line":110,"column":43}},"44":{"start":{"line":32,"column":4},"end":{"line":35,"column":5}},"45":{"start":{"line":33,"column":7},"end":{"line":34,"column":48}},"46":{"start":{"line":113,"column":2},"end":{"line":122,"column":3}},"47":{"start":{"line":115,"column":22},"end":{"line":120,"column":5}},"48":{"start":{"line":121,"column":4},"end":{"line":121,"column":41}},"49":{"start":{"line":124,"column":2},"end":{"line":229,"column":3}},"50":{"start":{"line":124,"column":2},"end":{"line":229,"column":2}},"51":{"start":{"line":125,"column":4},"end":{"line":228,"column":6}},"52":{"start":{"line":128,"column":10},"end":{"line":132,"column":12}},"53":{"start":{"line":145,"column":29},"end":{"line":145,"column":56}},"54":{"start":{"line":147,"column":16},"end":{"line":147,"column":62}},"55":{"start":{"line":159,"column":29},"end":{"line":159,"column":56}},"56":{"start":{"line":161,"column":16},"end":{"line":161,"column":62}},"57":{"start":{"line":166,"column":33},"end":{"line":166,"column":51}},"58":{"start":{"line":217,"column":16},"end":{"line":219,"column":17}},"59":{"start":{"line":222,"column":16},"end":{"line":222,"column":59}},"60":{"start":{"line":230,"column":0},"end":{"line":230,"column":1}},"61":{"start":{"line":21,"column":13},"end":{"line":21,"column":24}},"62":{"start":{"line":231,"column":0},"end":{"line":231,"column":42}}},"fnMap":{"0":{"name":"(anonymous_6)","decl":{"start":{"line":21,"column":0},"end":{"line":null,"column":-1}},"loc":{"start":{"line":21,"column":0},"end":{"line":21,"column":-1}}},"1":{"name":"BiquadBlock","decl":{"start":{"line":29,"column":2},"end":{"line":29,"column":13}},"loc":{"start":{"line":29,"column":37},"end":{"line":36,"column":3}}},"2":{"name":"(anonymous_8)","decl":{"start":{"line":38,"column":19},"end":{"line":38,"column":19}},"loc":{"start":{"line":38,"column":38},"end":{"line":62,"column":3}}},"3":{"name":"(anonymous_9)","decl":{"start":{"line":64,"column":21},"end":{"line":64,"column":21}},"loc":{"start":{"line":64,"column":28},"end":{"line":83,"column":3}}},"4":{"name":"(anonymous_10)","decl":{"start":{"line":84,"column":21},"end":{"line":84,"column":21}},"loc":{"start":{"line":84,"column":52},"end":{"line":94,"column":3}}},"5":{"name":"(anonymous_11)","decl":{"start":{"line":95,"column":18},"end":{"line":95,"column":18}},"loc":{"start":{"line":95,"column":25},"end":{"line":112,"column":3}}},"6":{"name":"(anonymous_12)","decl":{"start":{"line":113,"column":2},"end":{"line":null,"column":-1}},"loc":{"start":{"line":113,"column":2},"end":{"line":122,"column":3}}},"7":{"name":"(anonymous_13)","decl":{"start":{"line":124,"column":2},"end":{"line":null,"column":-1}},"loc":{"start":{"line":124,"column":2},"end":{"line":229,"column":3}}},"8":{"name":"(anonymous_14)","decl":{"start":{"line":127,"column":16},"end":{"line":null,"column":-1}},"loc":{"start":{"line":127,"column":16},"end":{"line":133,"column":9}}},"9":{"name":"(anonymous_15)","decl":{"start":{"line":145,"column":23},"end":{"line":145,"column":28}},"loc":{"start":{"line":145,"column":23},"end":{"line":145,"column":56}}},"10":{"name":"(anonymous_16)","decl":{"start":{"line":146,"column":19},"end":{"line":146,"column":18}},"loc":{"start":{"line":146,"column":22},"end":{"line":148,"column":15}}},"11":{"name":"(anonymous_17)","decl":{"start":{"line":159,"column":23},"end":{"line":159,"column":28}},"loc":{"start":{"line":159,"column":23},"end":{"line":159,"column":56}}},"12":{"name":"(anonymous_18)","decl":{"start":{"line":160,"column":19},"end":{"line":160,"column":18}},"loc":{"start":{"line":160,"column":22},"end":{"line":162,"column":15}}},"13":{"name":"(anonymous_19)","decl":{"start":{"line":166,"column":28},"end":{"line":166,"column":27}},"loc":{"start":{"line":166,"column":29},"end":{"line":166,"column":51}}},"14":{"name":"(anonymous_20)","decl":{"start":{"line":216,"column":23},"end":{"line":null,"column":-1}},"loc":{"start":{"line":216,"column":23},"end":{"line":219,"column":17}}},"15":{"name":"(anonymous_21)","decl":{"start":{"line":221,"column":19},"end":{"line":221,"column":18}},"loc":{"start":{"line":221,"column":22},"end":{"line":223,"column":15}}}},"branchMap":{"0":{"loc":{"start":{"line":30,"column":4},"end":{"line":30,"column":16}},"type":"binary-expr","locations":[{"start":{"line":30,"column":4},"end":{"line":30,"column":16}},{"start":{"line":30,"column":16},"end":{"line":36,"column":2}}]},"1":{"loc":{"start":{"line":41,"column":6},"end":{"line":45,"column":14}},"type":"switch","locations":[{"start":{"line":41,"column":6},"end":{"line":45,"column":14}},{"start":{"line":46,"column":6},"end":{"line":50,"column":14}},{"start":{"line":51,"column":6},"end":{"line":54,"column":69}}]},"2":{"loc":{"start":{"line":69,"column":4},"end":{"line":82,"column":5}},"type":"if","locations":[{"start":{"line":69,"column":4},"end":{"line":82,"column":5}},{"start":{"line":69,"column":4},"end":{"line":82,"column":5}}]},"3":{"loc":{"start":{"line":69,"column":8},"end":{"line":69,"column":20}},"type":"binary-expr","locations":[{"start":{"line":69,"column":8},"end":{"line":69,"column":20}},{"start":{"line":69,"column":24},"end":{"line":69,"column":51}}]},"4":{"loc":{"start":{"line":100,"column":4},"end":{"line":111,"column":5}},"type":"if","locations":[{"start":{"line":100,"column":4},"end":{"line":111,"column":5}},{"start":{"line":100,"column":4},"end":{"line":111,"column":5}}]},"5":{"loc":{"start":{"line":100,"column":8},"end":{"line":100,"column":17}},"type":"binary-expr","locations":[{"start":{"line":100,"column":8},"end":{"line":100,"column":17}},{"start":{"line":100,"column":21},"end":{"line":100,"column":45}}]},"6":{"loc":{"start":{"line":32,"column":4},"end":{"line":35,"column":5}},"type":"if","locations":[{"start":{"line":32,"column":4},"end":{"line":35,"column":5}},{"start":{"line":32,"column":4},"end":{"line":35,"column":5}}]},"7":{"loc":{"start":{"line":213,"column":20},"end":{"line":213,"column":69}},"type":"cond-expr","locations":[{"start":{"line":213,"column":20},"end":{"line":213,"column":69}},{"start":{"line":214,"column":20},"end":{"line":214,"column":50}}]}},"s":{"0":2,"1":2,"2":2,"3":2,"4":2,"5":2,"6":2,"7":2,"8":2,"9":2,"10":2,"11":2,"12":1,"13":1,"14":3,"15":1,"16":1,"17":1,"18":1,"19":1,"20":1,"21":1,"22":1,"23":3,"24":1,"25":1,"26":1,"27":1,"28":1,"29":1,"30":1,"31":1,"32":1,"33":0,"34":0,"35":0,"36":1,"37":0,"38":0,"39":0,"40":0,"41":0,"42":0,"43":0,"44":1,"45":1,"46":2,"47":1,"48":1,"49":2,"50":1,"51":1,"52":0,"53":0,"54":1,"55":0,"56":1,"57":0,"58":0,"59":1,"60":2,"61":2,"62":2},"f":{"0":2,"1":1,"2":3,"3":1,"4":0,"5":0,"6":1,"7":1,"8":0,"9":0,"10":1,"11":0,"12":1,"13":0,"14":0,"15":1},"b":{"0":[1,1],"1":[1,1,1],"2":[1,0],"3":[1,1],"4":[0,0],"5":[0,0],"6":[1,0],"7":[0,1]}}
,"/Users/valentijnnieman/dev/js/curve-visual/src/components/block/GainBlock.tsx": {"path":"/Users/valentijnnieman/dev/js/curve-visual/src/components/block/GainBlock.tsx","statementMap":{"0":{"start":{"line":1,"column":0},"end":{"line":1,"column":30}},"1":{"start":{"line":3,"column":0},"end":{"line":3,"column":45}},"2":{"start":{"line":5,"column":0},"end":{"line":5,"column":39}},"3":{"start":{"line":7,"column":0},"end":{"line":7,"column":24}},"4":{"start":{"line":8,"column":0},"end":{"line":8,"column":21}},"5":{"start":{"line":9,"column":0},"end":{"line":9,"column":38}},"6":{"start":{"line":14,"column":0},"end":{"line":14,"column":51}},"7":{"start":{"line":15,"column":0},"end":{"line":15,"column":40}},"8":{"start":{"line":17,"column":0},"end":{"line":17,"column":46}},"9":{"start":{"line":17,"column":31},"end":{"line":17,"column":62}},"10":{"start":{"line":24,"column":4},"end":{"line":24,"column":16}},"11":{"start":{"line":27,"column":2},"end":{"line":34,"column":4}},"12":{"start":{"line":28,"column":4},"end":{"line":33,"column":6}},"13":{"start":{"line":35,"column":2},"end":{"line":51,"column":4}},"14":{"start":{"line":36,"column":4},"end":{"line":36,"column":23}},"15":{"start":{"line":37,"column":4},"end":{"line":37,"column":24}},"16":{"start":{"line":38,"column":20},"end":{"line":38,"column":42}},"17":{"start":{"line":39,"column":4},"end":{"line":50,"column":5}},"18":{"start":{"line":41,"column":6},"end":{"line":43,"column":7}},"19":{"start":{"line":42,"column":8},"end":{"line":42,"column":60}},"20":{"start":{"line":45,"column":23},"end":{"line":48,"column":7}},"21":{"start":{"line":49,"column":6},"end":{"line":49,"column":42}},"22":{"start":{"line":25,"column":4},"end":{"line":25,"column":33}},"23":{"start":{"line":53,"column":2},"end":{"line":61,"column":3}},"24":{"start":{"line":55,"column":22},"end":{"line":59,"column":5}},"25":{"start":{"line":60,"column":4},"end":{"line":60,"column":41}},"26":{"start":{"line":62,"column":2},"end":{"line":130,"column":3}},"27":{"start":{"line":62,"column":2},"end":{"line":130,"column":2}},"28":{"start":{"line":63,"column":4},"end":{"line":129,"column":6}},"29":{"start":{"line":66,"column":10},"end":{"line":69,"column":11}},"30":{"start":{"line":84,"column":16},"end":{"line":84,"column":62}},"31":{"start":{"line":89,"column":33},"end":{"line":89,"column":51}},"32":{"start":{"line":118,"column":16},"end":{"line":120,"column":17}},"33":{"start":{"line":123,"column":16},"end":{"line":123,"column":60}},"34":{"start":{"line":131,"column":0},"end":{"line":131,"column":1}},"35":{"start":{"line":17,"column":13},"end":{"line":17,"column":22}},"36":{"start":{"line":133,"column":0},"end":{"line":133,"column":40}}},"fnMap":{"0":{"name":"(anonymous_6)","decl":{"start":{"line":17,"column":0},"end":{"line":null,"column":-1}},"loc":{"start":{"line":17,"column":0},"end":{"line":17,"column":-1}}},"1":{"name":"GainBlock","decl":{"start":{"line":23,"column":2},"end":{"line":23,"column":13}},"loc":{"start":{"line":23,"column":35},"end":{"line":26,"column":3}}},"2":{"name":"(anonymous_8)","decl":{"start":{"line":27,"column":19},"end":{"line":null,"column":-1}},"loc":{"start":{"line":27,"column":19},"end":{"line":34,"column":3}}},"3":{"name":"(anonymous_9)","decl":{"start":{"line":35,"column":21},"end":{"line":35,"column":21}},"loc":{"start":{"line":35,"column":28},"end":{"line":51,"column":3}}},"4":{"name":"(anonymous_10)","decl":{"start":{"line":53,"column":2},"end":{"line":null,"column":-1}},"loc":{"start":{"line":53,"column":2},"end":{"line":61,"column":3}}},"5":{"name":"(anonymous_11)","decl":{"start":{"line":62,"column":2},"end":{"line":null,"column":-1}},"loc":{"start":{"line":62,"column":2},"end":{"line":130,"column":3}}},"6":{"name":"(anonymous_12)","decl":{"start":{"line":65,"column":16},"end":{"line":null,"column":-1}},"loc":{"start":{"line":65,"column":16},"end":{"line":69,"column":11}}},"7":{"name":"(anonymous_13)","decl":{"start":{"line":83,"column":19},"end":{"line":83,"column":18}},"loc":{"start":{"line":83,"column":22},"end":{"line":85,"column":15}}},"8":{"name":"(anonymous_14)","decl":{"start":{"line":89,"column":28},"end":{"line":89,"column":27}},"loc":{"start":{"line":89,"column":29},"end":{"line":89,"column":51}}},"9":{"name":"(anonymous_15)","decl":{"start":{"line":117,"column":23},"end":{"line":null,"column":-1}},"loc":{"start":{"line":117,"column":23},"end":{"line":120,"column":17}}},"10":{"name":"(anonymous_16)","decl":{"start":{"line":122,"column":19},"end":{"line":122,"column":18}},"loc":{"start":{"line":122,"column":22},"end":{"line":124,"column":15}}}},"branchMap":{"0":{"loc":{"start":{"line":24,"column":4},"end":{"line":24,"column":16}},"type":"binary-expr","locations":[{"start":{"line":24,"column":4},"end":{"line":24,"column":16}},{"start":{"line":24,"column":16},"end":{"line":26,"column":2}}]},"1":{"loc":{"start":{"line":39,"column":4},"end":{"line":50,"column":5}},"type":"if","locations":[{"start":{"line":39,"column":4},"end":{"line":50,"column":5}},{"start":{"line":39,"column":4},"end":{"line":50,"column":5}}]},"2":{"loc":{"start":{"line":39,"column":8},"end":{"line":39,"column":20}},"type":"binary-expr","locations":[{"start":{"line":39,"column":8},"end":{"line":39,"column":20}},{"start":{"line":39,"column":24},"end":{"line":39,"column":51}}]},"3":{"loc":{"start":{"line":41,"column":6},"end":{"line":43,"column":7}},"type":"if","locations":[{"start":{"line":41,"column":6},"end":{"line":43,"column":7}},{"start":{"line":41,"column":6},"end":{"line":43,"column":7}}]},"4":{"loc":{"start":{"line":114,"column":20},"end":{"line":114,"column":69}},"type":"cond-expr","locations":[{"start":{"line":114,"column":20},"end":{"line":114,"column":69}},{"start":{"line":115,"column":20},"end":{"line":115,"column":50}}]}},"s":{"0":2,"1":2,"2":2,"3":2,"4":2,"5":2,"6":2,"7":2,"8":2,"9":2,"10":1,"11":1,"12":1,"13":1,"14":1,"15":1,"16":1,"17":1,"18":1,"19":1,"20":1,"21":1,"22":1,"23":2,"24":1,"25":1,"26":2,"27":1,"28":1,"29":0,"30":1,"31":0,"32":0,"33":1,"34":2,"35":2,"36":2},"f":{"0":2,"1":1,"2":1,"3":1,"4":1,"5":1,"6":0,"7":1,"8":0,"9":0,"10":1},"b":{"0":[1,1],"1":[1,0],"2":[1,1],"3":[1,0],"4":[1,0]}}
,"/Users/valentijnnieman/dev/js/curve-visual/src/components/block/OscBlock.tsx": {"path":"/Users/valentijnnieman/dev/js/curve-visual/src/components/block/OscBlock.tsx","statementMap":{"0":{"start":{"line":1,"column":0},"end":{"line":1,"column":30}},"1":{"start":{"line":2,"column":0},"end":{"line":2,"column":39}},"2":{"start":{"line":4,"column":0},"end":{"line":4,"column":45}},"3":{"start":{"line":6,"column":0},"end":{"line":6,"column":39}},"4":{"start":{"line":11,"column":0},"end":{"line":11,"column":51}},"5":{"start":{"line":12,"column":0},"end":{"line":12,"column":43}},"6":{"start":{"line":14,"column":0},"end":{"line":14,"column":24}},"7":{"start":{"line":15,"column":0},"end":{"line":15,"column":21}},"8":{"start":{"line":16,"column":0},"end":{"line":16,"column":38}},"9":{"start":{"line":19,"column":0},"end":{"line":19,"column":51}},"10":{"start":{"line":20,"column":0},"end":{"line":20,"column":40}},"11":{"start":{"line":22,"column":0},"end":{"line":22,"column":45}},"12":{"start":{"line":22,"column":30},"end":{"line":22,"column":60}},"13":{"start":{"line":31,"column":4},"end":{"line":31,"column":16}},"14":{"start":{"line":36,"column":2},"end":{"line":59,"column":4}},"15":{"start":{"line":37,"column":21},"end":{"line":37,"column":46}},"16":{"start":{"line":38,"column":4},"end":{"line":58,"column":5}},"17":{"start":{"line":39,"column":6},"end":{"line":43,"column":7}},"18":{"start":{"line":40,"column":9},"end":{"line":40,"column":57}},"19":{"start":{"line":44,"column":6},"end":{"line":44,"column":35}},"20":{"start":{"line":45,"column":6},"end":{"line":45,"column":35}},"21":{"start":{"line":46,"column":6},"end":{"line":49,"column":9}},"22":{"start":{"line":51,"column":6},"end":{"line":51,"column":35}},"23":{"start":{"line":52,"column":6},"end":{"line":52,"column":33}},"24":{"start":{"line":53,"column":6},"end":{"line":57,"column":9}},"25":{"start":{"line":61,"column":2},"end":{"line":83,"column":4}},"26":{"start":{"line":62,"column":21},"end":{"line":62,"column":65}},"27":{"start":{"line":64,"column":4},"end":{"line":76,"column":5}},"28":{"start":{"line":66,"column":8},"end":{"line":66,"column":47}},"29":{"start":{"line":67,"column":8},"end":{"line":67,"column":69}},"30":{"start":{"line":68,"column":8},"end":{"line":68,"column":14}},"31":{"start":{"line":70,"column":8},"end":{"line":70,"column":58}},"32":{"start":{"line":71,"column":8},"end":{"line":71,"column":69}},"33":{"start":{"line":72,"column":8},"end":{"line":72,"column":14}},"34":{"start":{"line":74,"column":8},"end":{"line":74,"column":47}},"35":{"start":{"line":75,"column":8},"end":{"line":75,"column":69}},"36":{"start":{"line":77,"column":4},"end":{"line":82,"column":6}},"37":{"start":{"line":85,"column":2},"end":{"line":104,"column":4}},"38":{"start":{"line":86,"column":4},"end":{"line":86,"column":23}},"39":{"start":{"line":87,"column":4},"end":{"line":87,"column":24}},"40":{"start":{"line":89,"column":20},"end":{"line":89,"column":42}},"41":{"start":{"line":90,"column":4},"end":{"line":103,"column":5}},"42":{"start":{"line":91,"column":7},"end":{"line":95,"column":8}},"43":{"start":{"line":98,"column":24},"end":{"line":101,"column":7}},"44":{"start":{"line":102,"column":6},"end":{"line":102,"column":43}},"45":{"start":{"line":105,"column":2},"end":{"line":115,"column":4}},"46":{"start":{"line":107,"column":5},"end":{"line":107,"column":75}},"47":{"start":{"line":110,"column":36},"end":{"line":113,"column":18}},"48":{"start":{"line":114,"column":4},"end":{"line":114,"column":41}},"49":{"start":{"line":33,"column":5},"end":{"line":34,"column":40}},"50":{"start":{"line":116,"column":2},"end":{"line":125,"column":3}},"51":{"start":{"line":118,"column":22},"end":{"line":123,"column":5}},"52":{"start":{"line":124,"column":4},"end":{"line":124,"column":41}},"53":{"start":{"line":127,"column":2},"end":{"line":226,"column":3}},"54":{"start":{"line":127,"column":2},"end":{"line":226,"column":2}},"55":{"start":{"line":128,"column":4},"end":{"line":225,"column":6}},"56":{"start":{"line":131,"column":10},"end":{"line":135,"column":12}},"57":{"start":{"line":148,"column":29},"end":{"line":148,"column":56}},"58":{"start":{"line":150,"column":16},"end":{"line":150,"column":62}},"59":{"start":{"line":162,"column":29},"end":{"line":162,"column":56}},"60":{"start":{"line":164,"column":16},"end":{"line":164,"column":62}},"61":{"start":{"line":175,"column":33},"end":{"line":175,"column":51}},"62":{"start":{"line":214,"column":16},"end":{"line":216,"column":17}},"63":{"start":{"line":219,"column":16},"end":{"line":219,"column":59}},"64":{"start":{"line":227,"column":0},"end":{"line":227,"column":1}},"65":{"start":{"line":22,"column":13},"end":{"line":22,"column":21}},"66":{"start":{"line":229,"column":0},"end":{"line":229,"column":39}}},"fnMap":{"0":{"name":"(anonymous_6)","decl":{"start":{"line":22,"column":0},"end":{"line":null,"column":-1}},"loc":{"start":{"line":22,"column":0},"end":{"line":22,"column":-1}}},"1":{"name":"OscBlock","decl":{"start":{"line":30,"column":2},"end":{"line":30,"column":13}},"loc":{"start":{"line":30,"column":34},"end":{"line":35,"column":3}}},"2":{"name":"(anonymous_8)","decl":{"start":{"line":36,"column":14},"end":{"line":null,"column":-1}},"loc":{"start":{"line":36,"column":14},"end":{"line":59,"column":3}}},"3":{"name":"(anonymous_9)","decl":{"start":{"line":61,"column":19},"end":{"line":61,"column":19}},"loc":{"start":{"line":61,"column":38},"end":{"line":83,"column":3}}},"4":{"name":"(anonymous_10)","decl":{"start":{"line":85,"column":21},"end":{"line":85,"column":21}},"loc":{"start":{"line":85,"column":28},"end":{"line":104,"column":3}}},"5":{"name":"(anonymous_11)","decl":{"start":{"line":105,"column":21},"end":{"line":105,"column":21}},"loc":{"start":{"line":105,"column":52},"end":{"line":115,"column":3}}},"6":{"name":"(anonymous_12)","decl":{"start":{"line":116,"column":2},"end":{"line":null,"column":-1}},"loc":{"start":{"line":116,"column":2},"end":{"line":125,"column":3}}},"7":{"name":"(anonymous_13)","decl":{"start":{"line":127,"column":2},"end":{"line":null,"column":-1}},"loc":{"start":{"line":127,"column":2},"end":{"line":226,"column":3}}},"8":{"name":"(anonymous_14)","decl":{"start":{"line":130,"column":16},"end":{"line":null,"column":-1}},"loc":{"start":{"line":130,"column":16},"end":{"line":136,"column":9}}},"9":{"name":"(anonymous_15)","decl":{"start":{"line":148,"column":23},"end":{"line":148,"column":28}},"loc":{"start":{"line":148,"column":23},"end":{"line":148,"column":56}}},"10":{"name":"(anonymous_16)","decl":{"start":{"line":149,"column":19},"end":{"line":149,"column":18}},"loc":{"start":{"line":149,"column":22},"end":{"line":151,"column":15}}},"11":{"name":"(anonymous_17)","decl":{"start":{"line":162,"column":23},"end":{"line":162,"column":28}},"loc":{"start":{"line":162,"column":23},"end":{"line":162,"column":56}}},"12":{"name":"(anonymous_18)","decl":{"start":{"line":163,"column":19},"end":{"line":163,"column":18}},"loc":{"start":{"line":163,"column":22},"end":{"line":165,"column":15}}},"13":{"name":"(anonymous_19)","decl":{"start":{"line":175,"column":28},"end":{"line":175,"column":27}},"loc":{"start":{"line":175,"column":29},"end":{"line":175,"column":51}}},"14":{"name":"(anonymous_20)","decl":{"start":{"line":213,"column":23},"end":{"line":null,"column":-1}},"loc":{"start":{"line":213,"column":23},"end":{"line":216,"column":17}}},"15":{"name":"(anonymous_21)","decl":{"start":{"line":218,"column":19},"end":{"line":218,"column":18}},"loc":{"start":{"line":218,"column":22},"end":{"line":220,"column":15}}}},"branchMap":{"0":{"loc":{"start":{"line":31,"column":4},"end":{"line":31,"column":16}},"type":"binary-expr","locations":[{"start":{"line":31,"column":4},"end":{"line":31,"column":16}},{"start":{"line":31,"column":16},"end":{"line":35,"column":2}}]},"1":{"loc":{"start":{"line":38,"column":4},"end":{"line":58,"column":5}},"type":"if","locations":[{"start":{"line":38,"column":4},"end":{"line":58,"column":5}},{"start":{"line":38,"column":4},"end":{"line":58,"column":5}}]},"2":{"loc":{"start":{"line":65,"column":6},"end":{"line":68,"column":14}},"type":"switch","locations":[{"start":{"line":65,"column":6},"end":{"line":68,"column":14}},{"start":{"line":69,"column":6},"end":{"line":72,"column":14}},{"start":{"line":73,"column":6},"end":{"line":75,"column":69}}]},"3":{"loc":{"start":{"line":90,"column":4},"end":{"line":103,"column":5}},"type":"if","locations":[{"start":{"line":90,"column":4},"end":{"line":103,"column":5}},{"start":{"line":90,"column":4},"end":{"line":103,"column":5}}]},"4":{"loc":{"start":{"line":90,"column":8},"end":{"line":90,"column":20}},"type":"binary-expr","locations":[{"start":{"line":90,"column":8},"end":{"line":90,"column":20}},{"start":{"line":90,"column":24},"end":{"line":90,"column":51}}]},"5":{"loc":{"start":{"line":210,"column":20},"end":{"line":210,"column":69}},"type":"cond-expr","locations":[{"start":{"line":210,"column":20},"end":{"line":210,"column":69}},{"start":{"line":211,"column":20},"end":{"line":211,"column":50}}]}},"s":{"0":2,"1":2,"2":2,"3":2,"4":2,"5":2,"6":2,"7":2,"8":2,"9":2,"10":2,"11":2,"12":2,"13":1,"14":1,"15":2,"16":2,"17":1,"18":1,"19":1,"20":1,"21":1,"22":1,"23":1,"24":1,"25":1,"26":3,"27":3,"28":1,"29":1,"30":1,"31":1,"32":1,"33":1,"34":1,"35":1,"36":3,"37":1,"38":1,"39":1,"40":1,"41":1,"42":1,"43":1,"44":1,"45":1,"46":0,"47":0,"48":0,"49":1,"50":2,"51":1,"52":1,"53":2,"54":1,"55":1,"56":0,"57":0,"58":1,"59":0,"60":1,"61":0,"62":0,"63":1,"64":2,"65":2,"66":2},"f":{"0":2,"1":1,"2":2,"3":3,"4":1,"5":0,"6":1,"7":1,"8":0,"9":0,"10":1,"11":0,"12":1,"13":0,"14":0,"15":1},"b":{"0":[1,1],"1":[1,1],"2":[1,1,1],"3":[1,0],"4":[1,1],"5":[1,0]}}
,"/Users/valentijnnieman/dev/js/curve-visual/src/components/ui/Code.tsx": {"path":"/Users/valentijnnieman/dev/js/curve-visual/src/components/ui/Code.tsx","statementMap":{"0":{"start":{"line":1,"column":0},"end":{"line":1,"column":30}},"1":{"start":{"line":2,"column":0},"end":{"line":2,"column":50}},"2":{"start":{"line":3,"column":0},"end":{"line":3,"column":56}},"3":{"start":{"line":4,"column":0},"end":{"line":4,"column":60}},"4":{"start":{"line":5,"column":0},"end":{"line":5,"column":20}},"5":{"start":{"line":14,"column":0},"end":{"line":14,"column":41}},"6":{"start":{"line":14,"column":26},"end":{"line":14,"column":63}},"7":{"start":{"line":16,"column":4},"end":{"line":16,"column":16}},"8":{"start":{"line":21,"column":2},"end":{"line":23,"column":4}},"9":{"start":{"line":22,"column":4},"end":{"line":22,"column":34}},"10":{"start":{"line":25,"column":2},"end":{"line":27,"column":4}},"11":{"start":{"line":26,"column":4},"end":{"line":26,"column":35}},"12":{"start":{"line":28,"column":2},"end":{"line":37,"column":4}},"13":{"start":{"line":29,"column":17},"end":{"line":29,"column":32}},"14":{"start":{"line":31,"column":6},"end":{"line":31,"column":50}},"15":{"start":{"line":32,"column":6},"end":{"line":32,"column":25}},"16":{"start":{"line":34,"column":4},"end":{"line":34,"column":48}},"17":{"start":{"line":35,"column":4},"end":{"line":35,"column":33}},"18":{"start":{"line":36,"column":4},"end":{"line":36,"column":51}},"19":{"start":{"line":17,"column":4},"end":{"line":19,"column":6}},"20":{"start":{"line":38,"column":2},"end":{"line":68,"column":3}},"21":{"start":{"line":39,"column":4},"end":{"line":67,"column":6}},"22":{"start":{"line":69,"column":0},"end":{"line":69,"column":1}},"23":{"start":{"line":14,"column":13},"end":{"line":14,"column":17}}},"fnMap":{"0":{"name":"(anonymous_5)","decl":{"start":{"line":14,"column":0},"end":{"line":null,"column":-1}},"loc":{"start":{"line":14,"column":0},"end":{"line":14,"column":-1}}},"1":{"name":"Code","decl":{"start":{"line":15,"column":2},"end":{"line":15,"column":13}},"loc":{"start":{"line":15,"column":30},"end":{"line":20,"column":3}}},"2":{"name":"(anonymous_7)","decl":{"start":{"line":21,"column":15},"end":{"line":null,"column":-1}},"loc":{"start":{"line":21,"column":15},"end":{"line":23,"column":3}}},"3":{"name":"(anonymous_8)","decl":{"start":{"line":25,"column":16},"end":{"line":null,"column":-1}},"loc":{"start":{"line":25,"column":16},"end":{"line":27,"column":3}}},"4":{"name":"(anonymous_9)","decl":{"start":{"line":28,"column":20},"end":{"line":null,"column":-1}},"loc":{"start":{"line":28,"column":20},"end":{"line":37,"column":3}}},"5":{"name":"listener","decl":{"start":{"line":30,"column":4},"end":{"line":30,"column":21}},"loc":{"start":{"line":30,"column":28},"end":{"line":33,"column":5}}},"6":{"name":"(anonymous_11)","decl":{"start":{"line":38,"column":2},"end":{"line":null,"column":-1}},"loc":{"start":{"line":38,"column":2},"end":{"line":68,"column":3}}}},"branchMap":{"0":{"loc":{"start":{"line":16,"column":4},"end":{"line":16,"column":16}},"type":"binary-expr","locations":[{"start":{"line":16,"column":4},"end":{"line":16,"column":16}},{"start":{"line":16,"column":16},"end":{"line":20,"column":2}}]}},"s":{"0":1,"1":1,"2":1,"3":1,"4":1,"5":1,"6":1,"7":0,"8":0,"9":0,"10":0,"11":0,"12":0,"13":0,"14":0,"15":0,"16":0,"17":0,"18":0,"19":0,"20":1,"21":0,"22":1,"23":1},"f":{"0":1,"1":0,"2":0,"3":0,"4":0,"5":0,"6":0},"b":{"0":[0,0]}}
,"/Users/valentijnnieman/dev/js/curve-visual/src/components/ui/Dropdown.tsx": {"path":"/Users/valentijnnieman/dev/js/curve-visual/src/components/ui/Dropdown.tsx","statementMap":{"0":{"start":{"line":1,"column":0},"end":{"line":1,"column":31}},"1":{"start":{"line":2,"column":0},"end":{"line":2,"column":68}},"2":{"start":{"line":3,"column":0},"end":{"line":3,"column":42}},"3":{"start":{"line":4,"column":0},"end":{"line":4,"column":36}},"4":{"start":{"line":5,"column":0},"end":{"line":5,"column":44}},"5":{"start":{"line":7,"column":0},"end":{"line":7,"column":24}},"6":{"start":{"line":8,"column":0},"end":{"line":8,"column":59}},"7":{"start":{"line":10,"column":0},"end":{"line":10,"column":57}},"8":{"start":{"line":17,"column":0},"end":{"line":17,"column":36}},"9":{"start":{"line":17,"column":30},"end":{"line":17,"column":65}},"10":{"start":{"line":19,"column":4},"end":{"line":24,"column":3}},"11":{"start":{"line":26,"column":2},"end":{"line":34,"column":3}},"12":{"start":{"line":28,"column":4},"end":{"line":28,"column":10}},"13":{"start":{"line":30,"column":4},"end":{"line":32,"column":22}},"14":{"start":{"line":36,"column":2},"end":{"line":40,"column":3}},"15":{"start":{"line":37,"column":4},"end":{"line":38,"column":12}},"16":{"start":{"line":21,"column":4},"end":{"line":22,"column":12}},"17":{"start":{"line":42,"column":2},"end":{"line":135,"column":3}},"18":{"start":{"line":135,"column":3},"end":{"line":null,"column":-1}},"19":{"start":{"line":43,"column":4},"end":{"line":129,"column":15}},"20":{"start":{"line":63,"column":22},"end":{"line":76,"column":54}},"21":{"start":{"line":78,"column":36},"end":{"line":80,"column":62}},"22":{"start":{"line":82,"column":16},"end":{"line":82,"column":39}},"23":{"start":{"line":88,"column":22},"end":{"line":100,"column":54}},"24":{"start":{"line":102,"column":36},"end":{"line":104,"column":62}},"25":{"start":{"line":106,"column":16},"end":{"line":106,"column":39}},"26":{"start":{"line":112,"column":22},"end":{"line":122,"column":54}},"27":{"start":{"line":124,"column":36},"end":{"line":126,"column":62}},"28":{"start":{"line":128,"column":16},"end":{"line":128,"column":39}},"29":{"start":{"line":136,"column":0},"end":{"line":null,"column":-1}},"30":{"start":{"line":17,"column":13},"end":{"line":17,"column":21}}},"fnMap":{"0":{"name":"(anonymous_6)","decl":{"start":{"line":17,"column":0},"end":{"line":null,"column":-1}},"loc":{"start":{"line":17,"column":0},"end":{"line":17,"column":29}}},"1":{"name":"Dropdown","decl":{"start":{"line":18,"column":2},"end":{"line":18,"column":13}},"loc":{"start":{"line":18,"column":14},"end":{"line":24,"column":3}}},"2":{"name":"(anonymous_8)","decl":{"start":{"line":26,"column":16},"end":{"line":26,"column":16}},"loc":{"start":{"line":26,"column":17},"end":{"line":34,"column":3}}},"3":{"name":"(anonymous_9)","decl":{"start":{"line":36,"column":23},"end":{"line":null,"column":-1}},"loc":{"start":{"line":36,"column":23},"end":{"line":40,"column":3}}},"4":{"name":"(anonymous_10)","decl":{"start":{"line":42,"column":2},"end":{"line":null,"column":-1}},"loc":{"start":{"line":42,"column":2},"end":{"line":135,"column":3}}},"5":{"name":"(anonymous_11)","decl":{"start":{"line":62,"column":23},"end":{"line":null,"column":-1}},"loc":{"start":{"line":62,"column":23},"end":{"line":83,"column":15}}},"6":{"name":"(anonymous_12)","decl":{"start":{"line":87,"column":23},"end":{"line":null,"column":-1}},"loc":{"start":{"line":87,"column":23},"end":{"line":107,"column":15}}},"7":{"name":"(anonymous_13)","decl":{"start":{"line":111,"column":23},"end":{"line":null,"column":-1}},"loc":{"start":{"line":111,"column":23},"end":{"line":129,"column":15}}}},"branchMap":{"0":{"loc":{"start":{"line":19,"column":4},"end":{"line":19,"column":10}},"type":"binary-expr","locations":[{"start":{"line":19,"column":4},"end":{"line":19,"column":10}},{"start":{"line":24,"column":3},"end":{"line":null,"column":-1}}]}},"s":{"0":0,"1":0,"2":0,"3":0,"4":0,"5":0,"6":0,"7":0,"8":0,"9":0,"10":0,"11":0,"12":0,"13":0,"14":0,"15":0,"16":0,"17":0,"18":0,"19":0,"20":0,"21":0,"22":0,"23":0,"24":0,"25":0,"26":0,"27":0,"28":0,"29":0,"30":0},"f":{"0":0,"1":0,"2":0,"3":0,"4":0,"5":0,"6":0,"7":0},"b":{"0":[0,0]}}
,"/Users/valentijnnieman/dev/js/curve-visual/src/components/ui/Topbar.tsx": {"path":"/Users/valentijnnieman/dev/js/curve-visual/src/components/ui/Topbar.tsx","statementMap":{"0":{"start":{"line":1,"column":0},"end":{"line":1,"column":31}},"1":{"start":{"line":2,"column":0},"end":{"line":2,"column":40}},"2":{"start":{"line":3,"column":0},"end":{"line":3,"column":22}},"3":{"start":{"line":5,"column":0},"end":{"line":5,"column":46}},"4":{"start":{"line":6,"column":0},"end":{"line":6,"column":54}},"5":{"start":{"line":8,"column":0},"end":{"line":8,"column":38}},"6":{"start":{"line":11,"column":0},"end":{"line":11,"column":50}},"7":{"start":{"line":12,"column":0},"end":{"line":12,"column":38}},"8":{"start":{"line":14,"column":0},"end":{"line":14,"column":48}},"9":{"start":{"line":17,"column":17},"end":{"line":17,"column":25}},"10":{"start":{"line":28,"column":0},"end":{"line":28,"column":27}},"11":{"start":{"line":28,"column":21},"end":{"line":28,"column":62}},"12":{"start":{"line":31,"column":4},"end":{"line":35,"column":3}},"13":{"start":{"line":32,"column":4},"end":{"line":33,"column":24}},"14":{"start":{"line":36,"column":2},"end":{"line":63,"column":3}},"15":{"start":{"line":63,"column":3},"end":{"line":null,"column":-1}},"16":{"start":{"line":37,"column":4},"end":{"line":59,"column":34}},"17":{"start":{"line":45,"column":27},"end":{"line":45,"column":68}},"18":{"start":{"line":50,"column":20},"end":{"line":50,"column":49}},"19":{"start":{"line":64,"column":0},"end":{"line":null,"column":-1}},"20":{"start":{"line":65,"column":24},"end":{"line":69,"column":1}},"21":{"start":{"line":65,"column":27},"end":{"line":65,"column":35}},"22":{"start":{"line":66,"column":2},"end":{"line":67,"column":12}},"23":{"start":{"line":70,"column":27},"end":{"line":74,"column":1}},"24":{"start":{"line":71,"column":2},"end":{"line":72,"column":67}},"25":{"start":{"line":72,"column":39},"end":{"line":72,"column":67}},"26":{"start":{"line":76,"column":0},"end":{"line":76,"column":60}}},"fnMap":{"0":{"name":"(anonymous_5)","decl":{"start":{"line":28,"column":0},"end":{"line":null,"column":-1}},"loc":{"start":{"line":28,"column":0},"end":{"line":28,"column":20}}},"1":{"name":"Topbar","decl":{"start":{"line":30,"column":2},"end":{"line":30,"column":13}},"loc":{"start":{"line":30,"column":14},"end":{"line":35,"column":3}}},"2":{"name":"(anonymous_7)","decl":{"start":{"line":36,"column":2},"end":{"line":null,"column":-1}},"loc":{"start":{"line":36,"column":2},"end":{"line":63,"column":3}}},"3":{"name":"(anonymous_8)","decl":{"start":{"line":45,"column":21},"end":{"line":45,"column":26}},"loc":{"start":{"line":45,"column":21},"end":{"line":45,"column":68}}},"4":{"name":"(anonymous_9)","decl":{"start":{"line":50,"column":15},"end":{"line":50,"column":14}},"loc":{"start":{"line":50,"column":15},"end":{"line":50,"column":49}}},"5":{"name":"(anonymous_10)","decl":{"start":{"line":65,"column":24},"end":{"line":65,"column":24}},"loc":{"start":{"line":65,"column":25},"end":{"line":69,"column":1}}},"6":{"name":"(anonymous_11)","decl":{"start":{"line":70,"column":27},"end":{"line":70,"column":27}},"loc":{"start":{"line":70,"column":28},"end":{"line":74,"column":1}}},"7":{"name":"(anonymous_12)","decl":{"start":{"line":72,"column":17},"end":{"line":72,"column":17}},"loc":{"start":{"line":72,"column":18},"end":{"line":72,"column":67}}}},"branchMap":{"0":{"loc":{"start":{"line":31,"column":4},"end":{"line":31,"column":10}},"type":"binary-expr","locations":[{"start":{"line":31,"column":4},"end":{"line":31,"column":10}},{"start":{"line":35,"column":3},"end":{"line":null,"column":-1}}]}},"s":{"0":0,"1":0,"2":0,"3":0,"4":0,"5":0,"6":0,"7":0,"8":0,"9":0,"10":0,"11":0,"12":0,"13":0,"14":0,"15":0,"16":0,"17":0,"18":0,"19":0,"20":0,"21":0,"22":0,"23":0,"24":0,"25":0,"26":0},"f":{"0":0,"1":0,"2":0,"3":0,"4":0,"5":0,"6":0,"7":0},"b":{"0":[0,0]}}
,"/Users/valentijnnieman/dev/js/curve-visual/src/lib/joyrideSteps.ts": {"path":"/Users/valentijnnieman/dev/js/curve-visual/src/lib/joyrideSteps.ts","statementMap":{"0":{"start":{"line":1,"column":13},"end":{"line":95,"column":13}}},"fnMap":{},"branchMap":{},"s":{"0":0},"f":{},"b":{}}
,"/Users/valentijnnieman/dev/js/curve-visual/src/lib/helpers/Editor.ts": {"path":"/Users/valentijnnieman/dev/js/curve-visual/src/lib/helpers/Editor.ts","statementMap":{"0":{"start":{"line":6,"column":13},"end":{"line":51,"column":2}},"1":{"start":{"line":10,"column":13},"end":{"line":10,"column":34}},"2":{"start":{"line":11,"column":2},"end":{"line":11,"column":22}},"3":{"start":{"line":12,"column":17},"end":{"line":12,"column":42}},"4":{"start":{"line":13,"column":2},"end":{"line":13,"column":26}},"5":{"start":{"line":14,"column":2},"end":{"line":50,"column":3}},"6":{"start":{"line":15,"column":18},"end":{"line":15,"column":17}},"7":{"start":{"line":16,"column":4},"end":{"line":16,"column":45}},"8":{"start":{"line":17,"column":4},"end":{"line":17,"column":51}},"9":{"start":{"line":18,"column":4},"end":{"line":18,"column":79}},"10":{"start":{"line":19,"column":27},"end":{"line":23,"column":5}},"11":{"start":{"line":24,"column":4},"end":{"line":24,"column":26}},"12":{"start":{"line":25,"column":9},"end":{"line":50,"column":3}},"13":{"start":{"line":26,"column":28},"end":{"line":29,"column":5}},"14":{"start":{"line":30,"column":4},"end":{"line":30,"column":27}},"15":{"start":{"line":31,"column":9},"end":{"line":50,"column":3}},"16":{"start":{"line":32,"column":14},"end":{"line":32,"column":13}},"17":{"start":{"line":33,"column":4},"end":{"line":33,"column":43}},"18":{"start":{"line":34,"column":4},"end":{"line":34,"column":49}},"19":{"start":{"line":35,"column":4},"end":{"line":35,"column":75}},"20":{"start":{"line":36,"column":4},"end":{"line":36,"column":67}},"21":{"start":{"line":37,"column":30},"end":{"line":41,"column":27}},"22":{"start":{"line":42,"column":4},"end":{"line":42,"column":29}},"23":{"start":{"line":45,"column":28},"end":{"line":48,"column":5}},"24":{"start":{"line":49,"column":4},"end":{"line":49,"column":27}},"25":{"start":{"line":54,"column":13},"end":{"line":94,"column":2}},"26":{"start":{"line":58,"column":33},"end":{"line":58,"column":35}},"27":{"start":{"line":59,"column":2},"end":{"line":92,"column":5}},"28":{"start":{"line":60,"column":4},"end":{"line":91,"column":5}},"29":{"start":{"line":61,"column":6},"end":{"line":90,"column":9}},"30":{"start":{"line":63,"column":8},"end":{"line":79,"column":9}},"31":{"start":{"line":65,"column":10},"end":{"line":65,"column":41}},"32":{"start":{"line":67,"column":10},"end":{"line":78,"column":11}},"33":{"start":{"line":69,"column":14},"end":{"line":69,"column":75}},"34":{"start":{"line":70,"column":14},"end":{"line":70,"column":20}},"35":{"start":{"line":72,"column":14},"end":{"line":73,"column":45}},"36":{"start":{"line":74,"column":14},"end":{"line":74,"column":20}},"37":{"start":{"line":76,"column":14},"end":{"line":76,"column":75}},"38":{"start":{"line":77,"column":14},"end":{"line":77,"column":20}},"39":{"start":{"line":80,"column":30},"end":{"line":88,"column":9}},"40":{"start":{"line":89,"column":8},"end":{"line":89,"column":40}},"41":{"start":{"line":93,"column":2},"end":{"line":93,"column":21}},"42":{"start":{"line":97,"column":13},"end":{"line":222,"column":2}},"43":{"start":{"line":99,"column":6},"end":{"line":99,"column":72}},"44":{"start":{"line":100,"column":23},"end":{"line":100,"column":25}},"45":{"start":{"line":101,"column":2},"end":{"line":220,"column":5}},"46":{"start":{"line":103,"column":21},"end":{"line":103,"column":35}},"47":{"start":{"line":104,"column":4},"end":{"line":219,"column":5}},"48":{"start":{"line":105,"column":6},"end":{"line":113,"column":22}},"49":{"start":{"line":114,"column":6},"end":{"line":142,"column":7}},"50":{"start":{"line":115,"column":8},"end":{"line":141,"column":9}},"51":{"start":{"line":117,"column":10},"end":{"line":117,"column":70}},"52":{"start":{"line":119,"column":10},"end":{"line":140,"column":13}},"53":{"start":{"line":120,"column":12},"end":{"line":139,"column":13}},"54":{"start":{"line":121,"column":14},"end":{"line":121,"column":69}},"55":{"start":{"line":122,"column":14},"end":{"line":134,"column":15}},"56":{"start":{"line":123,"column":16},"end":{"line":125,"column":23}},"57":{"start":{"line":126,"column":21},"end":{"line":134,"column":15}},"58":{"start":{"line":127,"column":16},"end":{"line":129,"column":23}},"59":{"start":{"line":131,"column":16},"end":{"line":133,"column":28}},"60":{"start":{"line":135,"column":19},"end":{"line":139,"column":13}},"61":{"start":{"line":136,"column":14},"end":{"line":138,"column":31}},"62":{"start":{"line":143,"column":6},"end":{"line":143,"column":25}},"63":{"start":{"line":144,"column":11},"end":{"line":219,"column":5}},"64":{"start":{"line":145,"column":6},"end":{"line":146,"column":47}},"65":{"start":{"line":147,"column":6},"end":{"line":175,"column":7}},"66":{"start":{"line":148,"column":8},"end":{"line":174,"column":9}},"67":{"start":{"line":150,"column":10},"end":{"line":150,"column":70}},"68":{"start":{"line":152,"column":10},"end":{"line":173,"column":13}},"69":{"start":{"line":153,"column":12},"end":{"line":172,"column":13}},"70":{"start":{"line":154,"column":14},"end":{"line":154,"column":69}},"71":{"start":{"line":155,"column":14},"end":{"line":167,"column":15}},"72":{"start":{"line":156,"column":16},"end":{"line":158,"column":23}},"73":{"start":{"line":159,"column":21},"end":{"line":167,"column":15}},"74":{"start":{"line":160,"column":16},"end":{"line":162,"column":23}},"75":{"start":{"line":164,"column":16},"end":{"line":166,"column":28}},"76":{"start":{"line":168,"column":19},"end":{"line":172,"column":13}},"77":{"start":{"line":169,"column":14},"end":{"line":171,"column":31}},"78":{"start":{"line":176,"column":6},"end":{"line":176,"column":25}},"79":{"start":{"line":177,"column":11},"end":{"line":219,"column":5}},"80":{"start":{"line":178,"column":6},"end":{"line":188,"column":39}},"81":{"start":{"line":189,"column":6},"end":{"line":217,"column":7}},"82":{"start":{"line":190,"column":8},"end":{"line":216,"column":9}},"83":{"start":{"line":192,"column":10},"end":{"line":192,"column":70}},"84":{"start":{"line":194,"column":10},"end":{"line":215,"column":13}},"85":{"start":{"line":195,"column":12},"end":{"line":214,"column":13}},"86":{"start":{"line":196,"column":14},"end":{"line":196,"column":69}},"87":{"start":{"line":197,"column":14},"end":{"line":209,"column":15}},"88":{"start":{"line":198,"column":16},"end":{"line":200,"column":23}},"89":{"start":{"line":201,"column":21},"end":{"line":209,"column":15}},"90":{"start":{"line":202,"column":16},"end":{"line":204,"column":23}},"91":{"start":{"line":206,"column":16},"end":{"line":208,"column":28}},"92":{"start":{"line":210,"column":19},"end":{"line":214,"column":13}},"93":{"start":{"line":211,"column":14},"end":{"line":213,"column":31}},"94":{"start":{"line":218,"column":6},"end":{"line":218,"column":25}},"95":{"start":{"line":221,"column":2},"end":{"line":221,"column":32}}},"fnMap":{"0":{"name":"(anonymous_0)","decl":{"start":{"line":6,"column":29},"end":{"line":7,"column":1}},"loc":{"start":{"line":8,"column":24},"end":{"line":51,"column":1}}},"1":{"name":"(anonymous_1)","decl":{"start":{"line":54,"column":35},"end":{"line":55,"column":1}},"loc":{"start":{"line":56,"column":26},"end":{"line":94,"column":1}}},"2":{"name":"(anonymous_2)","decl":{"start":{"line":59,"column":13},"end":{"line":59,"column":12}},"loc":{"start":{"line":59,"column":18},"end":{"line":92,"column":3}}},"3":{"name":"(anonymous_3)","decl":{"start":{"line":61,"column":24},"end":{"line":61,"column":23}},"loc":{"start":{"line":61,"column":30},"end":{"line":90,"column":7}}},"4":{"name":"(anonymous_4)","decl":{"start":{"line":97,"column":25},"end":{"line":97,"column":25}},"loc":{"start":{"line":97,"column":50},"end":{"line":222,"column":1}}},"5":{"name":"(anonymous_5)","decl":{"start":{"line":101,"column":13},"end":{"line":101,"column":13}},"loc":{"start":{"line":101,"column":26},"end":{"line":220,"column":3}}},"6":{"name":"(anonymous_6)","decl":{"start":{"line":119,"column":28},"end":{"line":119,"column":27}},"loc":{"start":{"line":119,"column":34},"end":{"line":140,"column":11}}},"7":{"name":"(anonymous_7)","decl":{"start":{"line":152,"column":28},"end":{"line":152,"column":27}},"loc":{"start":{"line":152,"column":34},"end":{"line":173,"column":11}}},"8":{"name":"(anonymous_8)","decl":{"start":{"line":194,"column":28},"end":{"line":194,"column":27}},"loc":{"start":{"line":194,"column":34},"end":{"line":215,"column":11}}}},"branchMap":{"0":{"loc":{"start":{"line":14,"column":2},"end":{"line":50,"column":3}},"type":"if","locations":[{"start":{"line":14,"column":2},"end":{"line":50,"column":3}},{"start":{"line":14,"column":2},"end":{"line":50,"column":3}}]},"1":{"loc":{"start":{"line":25,"column":9},"end":{"line":50,"column":3}},"type":"if","locations":[{"start":{"line":25,"column":9},"end":{"line":50,"column":3}},{"start":{"line":25,"column":9},"end":{"line":50,"column":3}}]},"2":{"loc":{"start":{"line":31,"column":9},"end":{"line":50,"column":3}},"type":"if","locations":[{"start":{"line":31,"column":9},"end":{"line":50,"column":3}},{"start":{"line":31,"column":9},"end":{"line":50,"column":3}}]},"3":{"loc":{"start":{"line":60,"column":4},"end":{"line":91,"column":5}},"type":"if","locations":[{"start":{"line":60,"column":4},"end":{"line":91,"column":5}},{"start":{"line":60,"column":4},"end":{"line":91,"column":5}}]},"4":{"loc":{"start":{"line":63,"column":8},"end":{"line":79,"column":9}},"type":"if","locations":[{"start":{"line":63,"column":8},"end":{"line":79,"column":9}},{"start":{"line":63,"column":8},"end":{"line":79,"column":9}}]},"5":{"loc":{"start":{"line":68,"column":12},"end":{"line":70,"column":20}},"type":"switch","locations":[{"start":{"line":68,"column":12},"end":{"line":70,"column":20}},{"start":{"line":71,"column":12},"end":{"line":74,"column":20}},{"start":{"line":75,"column":12},"end":{"line":77,"column":20}}]},"6":{"loc":{"start":{"line":104,"column":4},"end":{"line":219,"column":5}},"type":"if","locations":[{"start":{"line":104,"column":4},"end":{"line":219,"column":5}},{"start":{"line":104,"column":4},"end":{"line":219,"column":5}}]},"7":{"loc":{"start":{"line":104,"column":8},"end":{"line":104,"column":13}},"type":"binary-expr","locations":[{"start":{"line":104,"column":8},"end":{"line":104,"column":13}},{"start":{"line":104,"column":17},"end":{"line":104,"column":42}}]},"8":{"loc":{"start":{"line":114,"column":6},"end":{"line":142,"column":7}},"type":"if","locations":[{"start":{"line":114,"column":6},"end":{"line":142,"column":7}},{"start":{"line":114,"column":6},"end":{"line":142,"column":7}}]},"9":{"loc":{"start":{"line":115,"column":8},"end":{"line":141,"column":9}},"type":"if","locations":[{"start":{"line":115,"column":8},"end":{"line":141,"column":9}},{"start":{"line":115,"column":8},"end":{"line":141,"column":9}}]},"10":{"loc":{"start":{"line":120,"column":12},"end":{"line":139,"column":13}},"type":"if","locations":[{"start":{"line":120,"column":12},"end":{"line":139,"column":13}},{"start":{"line":120,"column":12},"end":{"line":139,"column":13}}]},"11":{"loc":{"start":{"line":120,"column":16},"end":{"line":120,"column":49}},"type":"binary-expr","locations":[{"start":{"line":120,"column":16},"end":{"line":120,"column":49}},{"start":{"line":120,"column":53},"end":{"line":120,"column":73}}]},"12":{"loc":{"start":{"line":122,"column":14},"end":{"line":134,"column":15}},"type":"if","locations":[{"start":{"line":122,"column":14},"end":{"line":134,"column":15}},{"start":{"line":122,"column":14},"end":{"line":134,"column":15}}]},"13":{"loc":{"start":{"line":126,"column":21},"end":{"line":134,"column":15}},"type":"if","locations":[{"start":{"line":126,"column":21},"end":{"line":134,"column":15}},{"start":{"line":126,"column":21},"end":{"line":134,"column":15}}]},"14":{"loc":{"start":{"line":135,"column":19},"end":{"line":139,"column":13}},"type":"if","locations":[{"start":{"line":135,"column":19},"end":{"line":139,"column":13}},{"start":{"line":135,"column":19},"end":{"line":139,"column":13}}]},"15":{"loc":{"start":{"line":144,"column":11},"end":{"line":219,"column":5}},"type":"if","locations":[{"start":{"line":144,"column":11},"end":{"line":219,"column":5}},{"start":{"line":144,"column":11},"end":{"line":219,"column":5}}]},"16":{"loc":{"start":{"line":144,"column":15},"end":{"line":144,"column":20}},"type":"binary-expr","locations":[{"start":{"line":144,"column":15},"end":{"line":144,"column":20}},{"start":{"line":144,"column":24},"end":{"line":144,"column":50}}]},"17":{"loc":{"start":{"line":147,"column":6},"end":{"line":175,"column":7}},"type":"if","locations":[{"start":{"line":147,"column":6},"end":{"line":175,"column":7}},{"start":{"line":147,"column":6},"end":{"line":175,"column":7}}]},"18":{"loc":{"start":{"line":148,"column":8},"end":{"line":174,"column":9}},"type":"if","locations":[{"start":{"line":148,"column":8},"end":{"line":174,"column":9}},{"start":{"line":148,"column":8},"end":{"line":174,"column":9}}]},"19":{"loc":{"start":{"line":153,"column":12},"end":{"line":172,"column":13}},"type":"if","locations":[{"start":{"line":153,"column":12},"end":{"line":172,"column":13}},{"start":{"line":153,"column":12},"end":{"line":172,"column":13}}]},"20":{"loc":{"start":{"line":153,"column":16},"end":{"line":153,"column":49}},"type":"binary-expr","locations":[{"start":{"line":153,"column":16},"end":{"line":153,"column":49}},{"start":{"line":153,"column":53},"end":{"line":153,"column":73}}]},"21":{"loc":{"start":{"line":155,"column":14},"end":{"line":167,"column":15}},"type":"if","locations":[{"start":{"line":155,"column":14},"end":{"line":167,"column":15}},{"start":{"line":155,"column":14},"end":{"line":167,"column":15}}]},"22":{"loc":{"start":{"line":159,"column":21},"end":{"line":167,"column":15}},"type":"if","locations":[{"start":{"line":159,"column":21},"end":{"line":167,"column":15}},{"start":{"line":159,"column":21},"end":{"line":167,"column":15}}]},"23":{"loc":{"start":{"line":168,"column":19},"end":{"line":172,"column":13}},"type":"if","locations":[{"start":{"line":168,"column":19},"end":{"line":172,"column":13}},{"start":{"line":168,"column":19},"end":{"line":172,"column":13}}]},"24":{"loc":{"start":{"line":177,"column":11},"end":{"line":219,"column":5}},"type":"if","locations":[{"start":{"line":177,"column":11},"end":{"line":219,"column":5}},{"start":{"line":177,"column":11},"end":{"line":219,"column":5}}]},"25":{"loc":{"start":{"line":177,"column":15},"end":{"line":177,"column":20}},"type":"binary-expr","locations":[{"start":{"line":177,"column":15},"end":{"line":177,"column":20}},{"start":{"line":177,"column":24},"end":{"line":177,"column":52}}]},"26":{"loc":{"start":{"line":189,"column":6},"end":{"line":217,"column":7}},"type":"if","locations":[{"start":{"line":189,"column":6},"end":{"line":217,"column":7}},{"start":{"line":189,"column":6},"end":{"line":217,"column":7}}]},"27":{"loc":{"start":{"line":190,"column":8},"end":{"line":216,"column":9}},"type":"if","locations":[{"start":{"line":190,"column":8},"end":{"line":216,"column":9}},{"start":{"line":190,"column":8},"end":{"line":216,"column":9}}]},"28":{"loc":{"start":{"line":195,"column":12},"end":{"line":214,"column":13}},"type":"if","locations":[{"start":{"line":195,"column":12},"end":{"line":214,"column":13}},{"start":{"line":195,"column":12},"end":{"line":214,"column":13}}]},"29":{"loc":{"start":{"line":195,"column":16},"end":{"line":195,"column":49}},"type":"binary-expr","locations":[{"start":{"line":195,"column":16},"end":{"line":195,"column":49}},{"start":{"line":195,"column":53},"end":{"line":195,"column":73}}]},"30":{"loc":{"start":{"line":197,"column":14},"end":{"line":209,"column":15}},"type":"if","locations":[{"start":{"line":197,"column":14},"end":{"line":209,"column":15}},{"start":{"line":197,"column":14},"end":{"line":209,"column":15}}]},"31":{"loc":{"start":{"line":201,"column":21},"end":{"line":209,"column":15}},"type":"if","locations":[{"start":{"line":201,"column":21},"end":{"line":209,"column":15}},{"start":{"line":201,"column":21},"end":{"line":209,"column":15}}]},"32":{"loc":{"start":{"line":210,"column":19},"end":{"line":214,"column":13}},"type":"if","locations":[{"start":{"line":210,"column":19},"end":{"line":214,"column":13}},{"start":{"line":210,"column":19},"end":{"line":214,"column":13}}]}},"s":{"0":6,"1":24,"2":24,"3":24,"4":24,"5":24,"6":6,"7":6,"8":6,"9":6,"10":6,"11":6,"12":18,"13":12,"14":12,"15":6,"16":6,"17":6,"18":6,"19":6,"20":6,"21":6,"22":6,"23":0,"24":0,"25":6,"26":2,"27":2,"28":8,"29":1,"30":1,"31":0,"32":1,"33":1,"34":1,"35":0,"36":0,"37":0,"38":0,"39":1,"40":1,"41":2,"42":6,"43":2,"44":2,"45":2,"46":8,"47":8,"48":2,"49":2,"50":1,"51":0,"52":1,"53":0,"54":0,"55":0,"56":0,"57":0,"58":0,"59":0,"60":0,"61":0,"62":2,"63":6,"64":4,"65":4,"66":0,"67":0,"68":0,"69":0,"70":0,"71":0,"72":0,"73":0,"74":0,"75":0,"76":0,"77":0,"78":4,"79":2,"80":2,"81":2,"82":0,"83":0,"84":0,"85":0,"86":0,"87":0,"88":0,"89":0,"90":0,"91":0,"92":0,"93":0,"94":2,"95":2},"f":{"0":24,"1":2,"2":8,"3":1,"4":2,"5":8,"6":0,"7":0,"8":0},"b":{"0":[6,18],"1":[12,6],"2":[6,0],"3":[1,7],"4":[0,1],"5":[1,0,0],"6":[2,6],"7":[8,8],"8":[1,1],"9":[0,1],"10":[0,0],"11":[0,0],"12":[0,0],"13":[0,0],"14":[0,0],"15":[4,2],"16":[6,6],"17":[0,4],"18":[0,0],"19":[0,0],"20":[0,0],"21":[0,0],"22":[0,0],"23":[0,0],"24":[2,0],"25":[2,2],"26":[0,2],"27":[0,0],"28":[0,0],"29":[0,0],"30":[0,0],"31":[0,0],"32":[0,0]}}
,"/Users/valentijnnieman/dev/js/curve-visual/src/lib/helpers/Mocks.ts": {"path":"/Users/valentijnnieman/dev/js/curve-visual/src/lib/helpers/Mocks.ts","statementMap":{"0":{"start":{"line":2,"column":0},"end":{"line":2,"column":40}},"1":{"start":{"line":4,"column":27},"end":{"line":4,"column":54}},"2":{"start":{"line":6,"column":13},"end":{"line":6,"column":43}},"3":{"start":{"line":8,"column":13},"end":{"line":13,"column":13}},"4":{"start":{"line":15,"column":13},"end":{"line":20,"column":13}},"5":{"start":{"line":22,"column":13},"end":{"line":27,"column":13}},"6":{"start":{"line":28,"column":50},"end":{"line":82,"column":1}},"7":{"start":{"line":83,"column":13},"end":{"line":103,"column":2}},"8":{"start":{"line":105,"column":13},"end":{"line":105,"column":46}}},"fnMap":{},"branchMap":{},"s":{"0":6,"1":6,"2":6,"3":6,"4":6,"5":6,"6":6,"7":6,"8":6},"f":{},"b":{}}
,"/Users/valentijnnieman/dev/js/curve-visual/src/lib/hoc/Block.tsx": {"path":"/Users/valentijnnieman/dev/js/curve-visual/src/lib/hoc/Block.tsx","statementMap":{"0":{"start":{"line":1,"column":0},"end":{"line":1,"column":30}},"1":{"start":{"line":10,"column":13},"end":{"line":101,"column":2}},"2":{"start":{"line":13,"column":2},"end":{"line":100,"column":4}},"3":{"start":{"line":13,"column":23},"end":{"line":13,"column":50}},"4":{"start":{"line":15,"column":6},"end":{"line":15,"column":18}},"5":{"start":{"line":17,"column":4},"end":{"line":21,"column":6}},"6":{"start":{"line":18,"column":6},"end":{"line":20,"column":8}},"7":{"start":{"line":22,"column":4},"end":{"line":34,"column":6}},"8":{"start":{"line":23,"column":14},"end":{"line":23,"column":19}},"9":{"start":{"line":24,"column":6},"end":{"line":24,"column":39}},"10":{"start":{"line":25,"column":6},"end":{"line":25,"column":31}},"11":{"start":{"line":26,"column":6},"end":{"line":30,"column":9}},"12":{"start":{"line":27,"column":8},"end":{"line":29,"column":9}},"13":{"start":{"line":28,"column":10},"end":{"line":28,"column":72}},"14":{"start":{"line":31,"column":6},"end":{"line":33,"column":7}},"15":{"start":{"line":32,"column":8},"end":{"line":32,"column":69}},"16":{"start":{"line":35,"column":4},"end":{"line":56,"column":6}},"17":{"start":{"line":40,"column":6},"end":{"line":55,"column":7}},"18":{"start":{"line":41,"column":26},"end":{"line":46,"column":9}},"19":{"start":{"line":47,"column":8},"end":{"line":47,"column":45}},"20":{"start":{"line":49,"column":26},"end":{"line":53,"column":9}},"21":{"start":{"line":54,"column":8},"end":{"line":54,"column":45}},"22":{"start":{"line":57,"column":4},"end":{"line":63,"column":6}},"23":{"start":{"line":58,"column":6},"end":{"line":62,"column":8}},"24":{"start":{"line":64,"column":4},"end":{"line":79,"column":6}},"25":{"start":{"line":65,"column":41},"end":{"line":65,"column":43}},"26":{"start":{"line":66,"column":6},"end":{"line":73,"column":9}},"27":{"start":{"line":67,"column":31},"end":{"line":67,"column":58}},"28":{"start":{"line":68,"column":8},"end":{"line":72,"column":13}},"29":{"start":{"line":69,"column":28},"end":{"line":69,"column":65}},"30":{"start":{"line":71,"column":12},"end":{"line":71,"column":65}},"31":{"start":{"line":74,"column":6},"end":{"line":78,"column":7}},"32":{"start":{"line":75,"column":8},"end":{"line":75,"column":47}},"33":{"start":{"line":77,"column":8},"end":{"line":77,"column":28}},"34":{"start":{"line":80,"column":4},"end":{"line":87,"column":5}},"35":{"start":{"line":81,"column":6},"end":{"line":86,"column":7}},"36":{"start":{"line":82,"column":8},"end":{"line":82,"column":31}},"37":{"start":{"line":83,"column":8},"end":{"line":83,"column":31}},"38":{"start":{"line":85,"column":8},"end":{"line":85,"column":31}},"39":{"start":{"line":88,"column":4},"end":{"line":99,"column":5}},"40":{"start":{"line":89,"column":6},"end":{"line":98,"column":8}},"41":{"start":{"line":100,"column":2},"end":{"line":100,"column":3}}},"fnMap":{"0":{"name":"(anonymous_6)","decl":{"start":{"line":10,"column":29},"end":{"line":11,"column":1}},"loc":{"start":{"line":11,"column":70},"end":{"line":101,"column":1}}},"1":{"name":"(anonymous_7)","decl":{"start":{"line":13,"column":8},"end":{"line":null,"column":-1}},"loc":{"start":{"line":13,"column":8},"end":{"line":13,"column":9}}},"2":{"name":"class_1","decl":{"start":{"line":14,"column":4},"end":{"line":14,"column":15}},"loc":{"start":{"line":14,"column":33},"end":{"line":16,"column":5}}},"3":{"name":"(anonymous_9)","decl":{"start":{"line":17,"column":24},"end":{"line":null,"column":-1}},"loc":{"start":{"line":17,"column":24},"end":{"line":21,"column":5}}},"4":{"name":"(anonymous_10)","decl":{"start":{"line":22,"column":22},"end":{"line":null,"column":-1}},"loc":{"start":{"line":22,"column":22},"end":{"line":34,"column":5}}},"5":{"name":"(anonymous_11)","decl":{"start":{"line":26,"column":24},"end":{"line":26,"column":23}},"loc":{"start":{"line":26,"column":30},"end":{"line":30,"column":7}}},"6":{"name":"(anonymous_12)","decl":{"start":{"line":35,"column":20},"end":{"line":36,"column":5}},"loc":{"start":{"line":38,"column":32},"end":{"line":56,"column":5}}},"7":{"name":"(anonymous_13)","decl":{"start":{"line":57,"column":19},"end":{"line":57,"column":19}},"loc":{"start":{"line":57,"column":42},"end":{"line":63,"column":5}}},"8":{"name":"(anonymous_14)","decl":{"start":{"line":64,"column":18},"end":{"line":64,"column":18}},"loc":{"start":{"line":64,"column":37},"end":{"line":79,"column":5}}},"9":{"name":"(anonymous_15)","decl":{"start":{"line":66,"column":40},"end":{"line":66,"column":39}},"loc":{"start":{"line":66,"column":45},"end":{"line":73,"column":7}}},"10":{"name":"(anonymous_16)","decl":{"start":{"line":69,"column":18},"end":{"line":69,"column":17}},"loc":{"start":{"line":69,"column":24},"end":{"line":69,"column":65}}},"11":{"name":"(anonymous_17)","decl":{"start":{"line":70,"column":15},"end":{"line":70,"column":14}},"loc":{"start":{"line":70,"column":21},"end":{"line":72,"column":11}}},"12":{"name":"(anonymous_18)","decl":{"start":{"line":80,"column":4},"end":{"line":80,"column":29}},"loc":{"start":{"line":80,"column":51},"end":{"line":87,"column":5}}},"13":{"name":"(anonymous_19)","decl":{"start":{"line":88,"column":4},"end":{"line":null,"column":-1}},"loc":{"start":{"line":88,"column":4},"end":{"line":99,"column":5}}}},"branchMap":{"0":{"loc":{"start":{"line":15,"column":6},"end":{"line":15,"column":18}},"type":"binary-expr","locations":[{"start":{"line":15,"column":6},"end":{"line":15,"column":18}},{"start":{"line":15,"column":18},"end":{"line":16,"column":4}}]},"1":{"loc":{"start":{"line":27,"column":8},"end":{"line":29,"column":9}},"type":"if","locations":[{"start":{"line":27,"column":8},"end":{"line":29,"column":9}},{"start":{"line":27,"column":8},"end":{"line":29,"column":9}}]},"2":{"loc":{"start":{"line":31,"column":6},"end":{"line":33,"column":7}},"type":"if","locations":[{"start":{"line":31,"column":6},"end":{"line":33,"column":7}},{"start":{"line":31,"column":6},"end":{"line":33,"column":7}}]},"3":{"loc":{"start":{"line":40,"column":6},"end":{"line":55,"column":7}},"type":"if","locations":[{"start":{"line":40,"column":6},"end":{"line":55,"column":7}},{"start":{"line":40,"column":6},"end":{"line":55,"column":7}}]},"4":{"loc":{"start":{"line":74,"column":6},"end":{"line":78,"column":7}},"type":"if","locations":[{"start":{"line":74,"column":6},"end":{"line":78,"column":7}},{"start":{"line":74,"column":6},"end":{"line":78,"column":7}}]},"5":{"loc":{"start":{"line":81,"column":6},"end":{"line":86,"column":7}},"type":"if","locations":[{"start":{"line":81,"column":6},"end":{"line":86,"column":7}},{"start":{"line":81,"column":6},"end":{"line":86,"column":7}}]}},"s":{"0":5,"1":5,"2":7,"3":7,"4":1,"5":1,"6":1,"7":1,"8":1,"9":1,"10":1,"11":1,"12":0,"13":0,"14":1,"15":0,"16":1,"17":1,"18":0,"19":0,"20":1,"21":1,"22":1,"23":1,"24":1,"25":0,"26":0,"27":0,"28":0,"29":0,"30":0,"31":0,"32":0,"33":0,"34":7,"35":0,"36":0,"37":0,"38":0,"39":7,"40":1,"41":7},"f":{"0":7,"1":7,"2":1,"3":1,"4":1,"5":0,"6":1,"7":1,"8":0,"9":0,"10":0,"11":0,"12":0,"13":1},"b":{"0":[1,1],"1":[0,0],"2":[0,1],"3":[0,1],"4":[0,0],"5":[0,0]}}
,"/Users/valentijnnieman/dev/js/curve-visual/src/pages/Editor.tsx": {"path":"/Users/valentijnnieman/dev/js/curve-visual/src/pages/Editor.tsx","statementMap":{"0":{"start":{"line":1,"column":0},"end":{"line":1,"column":30}},"1":{"start":{"line":3,"column":0},"end":{"line":3,"column":22}},"2":{"start":{"line":4,"column":0},"end":{"line":4,"column":51}},"3":{"start":{"line":5,"column":0},"end":{"line":5,"column":53}},"4":{"start":{"line":6,"column":0},"end":{"line":6,"column":57}},"5":{"start":{"line":7,"column":0},"end":{"line":7,"column":44}},"6":{"start":{"line":18,"column":0},"end":{"line":18,"column":37}},"7":{"start":{"line":20,"column":0},"end":{"line":20,"column":46}},"8":{"start":{"line":23,"column":0},"end":{"line":23,"column":70}},"9":{"start":{"line":24,"column":0},"end":{"line":24,"column":40}},"10":{"start":{"line":26,"column":19},"end":{"line":26,"column":45}},"11":{"start":{"line":48,"column":0},"end":{"line":48,"column":43}},"12":{"start":{"line":48,"column":28},"end":{"line":48,"column":69}},"13":{"start":{"line":54,"column":4},"end":{"line":54,"column":16}},"14":{"start":{"line":51,"column":2},"end":{"line":51,"column":26}},"15":{"start":{"line":63,"column":2},"end":{"line":98,"column":4}},"16":{"start":{"line":65,"column":10},"end":{"line":70,"column":18}},"17":{"start":{"line":66,"column":6},"end":{"line":66,"column":20}},"18":{"start":{"line":67,"column":6},"end":{"line":67,"column":22}},"19":{"start":{"line":68,"column":6},"end":{"line":68,"column":23}},"20":{"start":{"line":69,"column":6},"end":{"line":69,"column":16}},"21":{"start":{"line":71,"column":4},"end":{"line":95,"column":5}},"22":{"start":{"line":73,"column":24},"end":{"line":85,"column":7}},"23":{"start":{"line":86,"column":6},"end":{"line":86,"column":43}},"24":{"start":{"line":90,"column":26},"end":{"line":93,"column":7}},"25":{"start":{"line":94,"column":6},"end":{"line":94,"column":45}},"26":{"start":{"line":97,"column":4},"end":{"line":97,"column":31}},"27":{"start":{"line":99,"column":2},"end":{"line":109,"column":4}},"28":{"start":{"line":100,"column":4},"end":{"line":108,"column":7}},"29":{"start":{"line":110,"column":2},"end":{"line":140,"column":4}},"30":{"start":{"line":112,"column":28},"end":{"line":112,"column":56}},"31":{"start":{"line":113,"column":27},"end":{"line":113,"column":53}},"32":{"start":{"line":114,"column":21},"end":{"line":114,"column":45}},"33":{"start":{"line":115,"column":32},"end":{"line":120,"column":5}},"34":{"start":{"line":119,"column":56},"end":{"line":119,"column":78}},"35":{"start":{"line":121,"column":4},"end":{"line":121,"column":51}},"36":{"start":{"line":123,"column":4},"end":{"line":139,"column":5}},"37":{"start":{"line":124,"column":27},"end":{"line":124,"column":73}},"38":{"start":{"line":126,"column":6},"end":{"line":126,"column":58}},"39":{"start":{"line":127,"column":33},"end":{"line":129,"column":7}},"40":{"start":{"line":130,"column":6},"end":{"line":130,"column":52}},"41":{"start":{"line":132,"column":6},"end":{"line":134,"column":7}},"42":{"start":{"line":133,"column":8},"end":{"line":133,"column":35}},"43":{"start":{"line":136,"column":6},"end":{"line":138,"column":9}},"44":{"start":{"line":141,"column":2},"end":{"line":156,"column":4}},"45":{"start":{"line":148,"column":4},"end":{"line":155,"column":7}},"46":{"start":{"line":157,"column":2},"end":{"line":186,"column":4}},"47":{"start":{"line":164,"column":4},"end":{"line":185,"column":5}},"48":{"start":{"line":165,"column":6},"end":{"line":184,"column":8}},"49":{"start":{"line":174,"column":10},"end":{"line":182,"column":11}},"50":{"start":{"line":179,"column":12},"end":{"line":179,"column":39}},"51":{"start":{"line":181,"column":12},"end":{"line":181,"column":31}},"52":{"start":{"line":187,"column":2},"end":{"line":212,"column":4}},"53":{"start":{"line":188,"column":12},"end":{"line":188,"column":26}},"54":{"start":{"line":189,"column":4},"end":{"line":211,"column":5}},"55":{"start":{"line":190,"column":6},"end":{"line":194,"column":9}},"56":{"start":{"line":195,"column":23},"end":{"line":208,"column":7}},"57":{"start":{"line":209,"column":6},"end":{"line":209,"column":42}},"58":{"start":{"line":210,"column":6},"end":{"line":210,"column":25}},"59":{"start":{"line":221,"column":2},"end":{"line":228,"column":4}},"60":{"start":{"line":222,"column":4},"end":{"line":227,"column":5}},"61":{"start":{"line":223,"column":6},"end":{"line":226,"column":9}},"62":{"start":{"line":229,"column":2},"end":{"line":234,"column":4}},"63":{"start":{"line":230,"column":4},"end":{"line":233,"column":5}},"64":{"start":{"line":232,"column":6},"end":{"line":232,"column":33}},"65":{"start":{"line":56,"column":4},"end":{"line":59,"column":6}},"66":{"start":{"line":61,"column":4},"end":{"line":61,"column":45}},"67":{"start":{"line":213,"column":2},"end":{"line":220,"column":3}},"68":{"start":{"line":214,"column":4},"end":{"line":214,"column":27}},"69":{"start":{"line":215,"column":4},"end":{"line":218,"column":6}},"70":{"start":{"line":219,"column":4},"end":{"line":219,"column":45}},"71":{"start":{"line":236,"column":2},"end":{"line":356,"column":3}},"72":{"start":{"line":236,"column":2},"end":{"line":356,"column":2}},"73":{"start":{"line":237,"column":26},"end":{"line":286,"column":5}},"74":{"start":{"line":239,"column":8},"end":{"line":284,"column":9}},"75":{"start":{"line":240,"column":10},"end":{"line":281,"column":11}},"76":{"start":{"line":241,"column":12},"end":{"line":252,"column":14}},"77":{"start":{"line":253,"column":17},"end":{"line":281,"column":11}},"78":{"start":{"line":254,"column":12},"end":{"line":265,"column":14}},"79":{"start":{"line":266,"column":17},"end":{"line":281,"column":11}},"80":{"start":{"line":267,"column":12},"end":{"line":278,"column":14}},"81":{"start":{"line":280,"column":12},"end":{"line":280,"column":24}},"82":{"start":{"line":283,"column":10},"end":{"line":283,"column":22}},"83":{"start":{"line":287,"column":25},"end":{"line":305,"column":6}},"84":{"start":{"line":288,"column":6},"end":{"line":304,"column":8}},"85":{"start":{"line":300,"column":14},"end":{"line":300,"column":74}},"86":{"start":{"line":307,"column":4},"end":{"line":319,"column":5}},"87":{"start":{"line":308,"column":6},"end":{"line":318,"column":8}},"88":{"start":{"line":320,"column":4},"end":{"line":355,"column":6}},"89":{"start":{"line":321,"column":29},"end":{"line":321,"column":48}},"90":{"start":{"line":322,"column":48},"end":{"line":322,"column":69}},"91":{"start":{"line":346,"column":16},"end":{"line":346,"column":42}},"92":{"start":{"line":349,"column":16},"end":{"line":349,"column":61}},"93":{"start":{"line":357,"column":0},"end":{"line":357,"column":1}},"94":{"start":{"line":48,"column":13},"end":{"line":48,"column":19}},"95":{"start":{"line":359,"column":24},"end":{"line":364,"column":1}},"96":{"start":{"line":359,"column":27},"end":{"line":359,"column":33}},"97":{"start":{"line":359,"column":35},"end":{"line":359,"column":43}},"98":{"start":{"line":360,"column":2},"end":{"line":363,"column":4}},"99":{"start":{"line":366,"column":27},"end":{"line":370,"column":1}},"100":{"start":{"line":367,"column":2},"end":{"line":369,"column":4}},"101":{"start":{"line":368,"column":39},"end":{"line":368,"column":67}},"102":{"start":{"line":372,"column":0},"end":{"line":372,"column":68}}},"fnMap":{"0":{"name":"(anonymous_6)","decl":{"start":{"line":48,"column":0},"end":{"line":null,"column":-1}},"loc":{"start":{"line":48,"column":0},"end":{"line":48,"column":-1}}},"1":{"name":"Editor","decl":{"start":{"line":53,"column":2},"end":{"line":53,"column":13}},"loc":{"start":{"line":53,"column":32},"end":{"line":62,"column":3}}},"2":{"name":"(anonymous_8)","decl":{"start":{"line":63,"column":16},"end":{"line":null,"column":-1}},"loc":{"start":{"line":63,"column":16},"end":{"line":98,"column":3}}},"3":{"name":"(anonymous_9)","decl":{"start":{"line":99,"column":24},"end":{"line":null,"column":-1}},"loc":{"start":{"line":99,"column":24},"end":{"line":109,"column":3}}},"4":{"name":"(anonymous_10)","decl":{"start":{"line":110,"column":15},"end":{"line":110,"column":15}},"loc":{"start":{"line":110,"column":68},"end":{"line":140,"column":3}}},"5":{"name":"(anonymous_11)","decl":{"start":{"line":119,"column":46},"end":{"line":119,"column":45}},"loc":{"start":{"line":119,"column":52},"end":{"line":119,"column":78}}},"6":{"name":"(anonymous_12)","decl":{"start":{"line":141,"column":17},"end":{"line":141,"column":17}},"loc":{"start":{"line":141,"column":70},"end":{"line":156,"column":3}}},"7":{"name":"(anonymous_13)","decl":{"start":{"line":157,"column":19},"end":{"line":158,"column":3}},"loc":{"start":{"line":161,"column":15},"end":{"line":186,"column":3}}},"8":{"name":"(anonymous_14)","decl":{"start":{"line":172,"column":8},"end":{"line":null,"column":-1}},"loc":{"start":{"line":172,"column":8},"end":{"line":183,"column":9}}},"9":{"name":"(anonymous_15)","decl":{"start":{"line":187,"column":22},"end":{"line":187,"column":22}},"loc":{"start":{"line":187,"column":29},"end":{"line":212,"column":3}}},"10":{"name":"(anonymous_16)","decl":{"start":{"line":221,"column":16},"end":{"line":221,"column":16}},"loc":{"start":{"line":221,"column":52},"end":{"line":228,"column":3}}},"11":{"name":"(anonymous_17)","decl":{"start":{"line":229,"column":18},"end":{"line":229,"column":18}},"loc":{"start":{"line":229,"column":50},"end":{"line":234,"column":3}}},"12":{"name":"(anonymous_18)","decl":{"start":{"line":213,"column":2},"end":{"line":213,"column":27}},"loc":{"start":{"line":213,"column":50},"end":{"line":220,"column":3}}},"13":{"name":"(anonymous_19)","decl":{"start":{"line":236,"column":2},"end":{"line":null,"column":-1}},"loc":{"start":{"line":236,"column":2},"end":{"line":356,"column":3}}},"14":{"name":"(anonymous_20)","decl":{"start":{"line":238,"column":6},"end":{"line":238,"column":6}},"loc":{"start":{"line":238,"column":38},"end":{"line":285,"column":7}}},"15":{"name":"(anonymous_21)","decl":{"start":{"line":287,"column":40},"end":{"line":287,"column":40}},"loc":{"start":{"line":287,"column":52},"end":{"line":305,"column":5}}},"16":{"name":"(anonymous_22)","decl":{"start":{"line":299,"column":21},"end":{"line":299,"column":20}},"loc":{"start":{"line":299,"column":22},"end":{"line":300,"column":74}}},"17":{"name":"(anonymous_23)","decl":{"start":{"line":321,"column":24},"end":{"line":321,"column":23}},"loc":{"start":{"line":321,"column":25},"end":{"line":321,"column":48}}},"18":{"name":"(anonymous_24)","decl":{"start":{"line":322,"column":43},"end":{"line":322,"column":42}},"loc":{"start":{"line":322,"column":44},"end":{"line":322,"column":69}}},"19":{"name":"(anonymous_25)","decl":{"start":{"line":345,"column":23},"end":{"line":345,"column":22}},"loc":{"start":{"line":345,"column":24},"end":{"line":347,"column":15}}},"20":{"name":"(anonymous_26)","decl":{"start":{"line":348,"column":19},"end":{"line":348,"column":18}},"loc":{"start":{"line":348,"column":22},"end":{"line":350,"column":15}}},"21":{"name":"(anonymous_27)","decl":{"start":{"line":359,"column":24},"end":{"line":359,"column":24}},"loc":{"start":{"line":359,"column":57},"end":{"line":364,"column":1}}},"22":{"name":"(anonymous_28)","decl":{"start":{"line":366,"column":27},"end":{"line":366,"column":27}},"loc":{"start":{"line":366,"column":41},"end":{"line":370,"column":1}}},"23":{"name":"(anonymous_29)","decl":{"start":{"line":368,"column":17},"end":{"line":368,"column":17}},"loc":{"start":{"line":368,"column":34},"end":{"line":368,"column":67}}}},"branchMap":{"0":{"loc":{"start":{"line":54,"column":4},"end":{"line":54,"column":16}},"type":"binary-expr","locations":[{"start":{"line":54,"column":4},"end":{"line":54,"column":16}},{"start":{"line":54,"column":16},"end":{"line":62,"column":2}}]},"1":{"loc":{"start":{"line":71,"column":4},"end":{"line":95,"column":5}},"type":"if","locations":[{"start":{"line":71,"column":4},"end":{"line":95,"column":5}},{"start":{"line":71,"column":4},"end":{"line":95,"column":5}}]},"2":{"loc":{"start":{"line":71,"column":8},"end":{"line":71,"column":22}},"type":"binary-expr","locations":[{"start":{"line":71,"column":8},"end":{"line":71,"column":22}},{"start":{"line":71,"column":26},"end":{"line":71,"column":42}},{"start":{"line":71,"column":46},"end":{"line":71,"column":63}}]},"3":{"loc":{"start":{"line":117,"column":54},"end":{"line":117,"column":58}},"type":"cond-expr","locations":[{"start":{"line":117,"column":54},"end":{"line":117,"column":58}},{"start":{"line":117,"column":61},"end":{"line":117,"column":66}}]},"4":{"loc":{"start":{"line":123,"column":4},"end":{"line":139,"column":5}},"type":"if","locations":[{"start":{"line":123,"column":4},"end":{"line":139,"column":5}},{"start":{"line":123,"column":4},"end":{"line":139,"column":5}}]},"5":{"loc":{"start":{"line":132,"column":6},"end":{"line":134,"column":7}},"type":"if","locations":[{"start":{"line":132,"column":6},"end":{"line":134,"column":7}},{"start":{"line":132,"column":6},"end":{"line":134,"column":7}}]},"6":{"loc":{"start":{"line":164,"column":4},"end":{"line":185,"column":5}},"type":"if","locations":[{"start":{"line":164,"column":4},"end":{"line":185,"column":5}},{"start":{"line":164,"column":4},"end":{"line":185,"column":5}}]},"7":{"loc":{"start":{"line":174,"column":10},"end":{"line":182,"column":11}},"type":"if","locations":[{"start":{"line":174,"column":10},"end":{"line":182,"column":11}},{"start":{"line":174,"column":10},"end":{"line":182,"column":11}}]},"8":{"loc":{"start":{"line":189,"column":4},"end":{"line":211,"column":5}},"type":"if","locations":[{"start":{"line":189,"column":4},"end":{"line":211,"column":5}},{"start":{"line":189,"column":4},"end":{"line":211,"column":5}}]},"9":{"loc":{"start":{"line":222,"column":4},"end":{"line":227,"column":5}},"type":"if","locations":[{"start":{"line":222,"column":4},"end":{"line":227,"column":5}},{"start":{"line":222,"column":4},"end":{"line":227,"column":5}}]},"10":{"loc":{"start":{"line":230,"column":4},"end":{"line":233,"column":5}},"type":"if","locations":[{"start":{"line":230,"column":4},"end":{"line":233,"column":5}},{"start":{"line":230,"column":4},"end":{"line":233,"column":5}}]},"11":{"loc":{"start":{"line":239,"column":8},"end":{"line":284,"column":9}},"type":"if","locations":[{"start":{"line":239,"column":8},"end":{"line":284,"column":9}},{"start":{"line":239,"column":8},"end":{"line":284,"column":9}}]},"12":{"loc":{"start":{"line":240,"column":10},"end":{"line":281,"column":11}},"type":"if","locations":[{"start":{"line":240,"column":10},"end":{"line":281,"column":11}},{"start":{"line":240,"column":10},"end":{"line":281,"column":11}}]},"13":{"loc":{"start":{"line":253,"column":17},"end":{"line":281,"column":11}},"type":"if","locations":[{"start":{"line":253,"column":17},"end":{"line":281,"column":11}},{"start":{"line":253,"column":17},"end":{"line":281,"column":11}}]},"14":{"loc":{"start":{"line":266,"column":17},"end":{"line":281,"column":11}},"type":"if","locations":[{"start":{"line":266,"column":17},"end":{"line":281,"column":11}},{"start":{"line":266,"column":17},"end":{"line":281,"column":11}}]},"15":{"loc":{"start":{"line":307,"column":4},"end":{"line":319,"column":5}},"type":"if","locations":[{"start":{"line":307,"column":4},"end":{"line":319,"column":5}},{"start":{"line":307,"column":4},"end":{"line":319,"column":5}}]},"16":{"loc":{"start":{"line":307,"column":8},"end":{"line":307,"column":33}},"type":"binary-expr","locations":[{"start":{"line":307,"column":8},"end":{"line":307,"column":33}},{"start":{"line":307,"column":37},"end":{"line":307,"column":56}}]},"17":{"loc":{"start":{"line":342,"column":20},"end":{"line":342,"column":51}},"type":"cond-expr","locations":[{"start":{"line":342,"column":20},"end":{"line":342,"column":51}},{"start":{"line":343,"column":20},"end":{"line":343,"column":32}}]}},"s":{"0":1,"1":1,"2":1,"3":1,"4":1,"5":1,"6":1,"7":1,"8":1,"9":1,"10":1,"11":1,"12":1,"13":1,"14":1,"15":1,"16":2,"17":2,"18":2,"19":2,"20":2,"21":2,"22":2,"23":2,"24":2,"25":2,"26":2,"27":1,"28":3,"29":1,"30":3,"31":3,"32":3,"33":3,"34":3,"35":3,"36":3,"37":2,"38":2,"39":2,"40":2,"41":2,"42":2,"43":1,"44":1,"45":4,"46":1,"47":3,"48":3,"49":3,"50":1,"51":2,"52":1,"53":0,"54":0,"55":0,"56":0,"57":0,"58":0,"59":1,"60":0,"61":0,"62":1,"63":0,"64":0,"65":1,"66":1,"67":1,"68":0,"69":0,"70":0,"71":1,"72":12,"73":12,"74":48,"75":48,"76":12,"77":36,"78":24,"79":12,"80":12,"81":0,"82":0,"83":12,"84":0,"85":0,"86":12,"87":7,"88":12,"89":0,"90":0,"91":0,"92":0,"93":1,"94":1,"95":1,"96":0,"97":0,"98":0,"99":1,"100":0,"101":0,"102":1},"f":{"0":1,"1":1,"2":2,"3":3,"4":3,"5":3,"6":4,"7":3,"8":3,"9":0,"10":0,"11":0,"12":0,"13":12,"14":48,"15":0,"16":0,"17":0,"18":0,"19":0,"20":0,"21":0,"22":0,"23":0},"b":{"0":[1,1],"1":[2,0],"2":[2,2,2],"3":[1,2],"4":[2,1],"5":[2,0],"6":[3,0],"7":[1,2],"8":[0,0],"9":[0,0],"10":[0,0],"11":[48,0],"12":[12,36],"13":[24,12],"14":[12,0],"15":[7,5],"16":[12,7],"17":[0,12]}}
,"/Users/valentijnnieman/dev/js/curve-visual/src/reducers/index.ts": {"path":"/Users/valentijnnieman/dev/js/curve-visual/src/reducers/index.ts","statementMap":{"0":{"start":{"line":3,"column":0},"end":{"line":3,"column":54}},"1":{"start":{"line":5,"column":17},"end":{"line":5,"column":21}},"2":{"start":{"line":7,"column":46},"end":{"line":48,"column":40}},"3":{"start":{"line":52,"column":21},"end":{"line":67,"column":10}},"4":{"start":{"line":70,"column":0},"end":{"line":90,"column":1}},"5":{"start":{"line":70,"column":16},"end":{"line":70,"column":48}},"6":{"start":{"line":71,"column":2},"end":{"line":88,"column":13}},"7":{"start":{"line":73,"column":6},"end":{"line":75,"column":16}},"8":{"start":{"line":76,"column":10},"end":{"line":78,"column":11}},"9":{"start":{"line":77,"column":12},"end":{"line":77,"column":26}},"10":{"start":{"line":79,"column":10},"end":{"line":79,"column":17}},"11":{"start":{"line":83,"column":6},"end":{"line":85,"column":70}},"12":{"start":{"line":88,"column":6},"end":{"line":88,"column":13}}},"fnMap":{"0":{"name":"(anonymous_1)","decl":{"start":{"line":70,"column":15},"end":{"line":70,"column":15}},"loc":{"start":{"line":70,"column":50},"end":{"line":90,"column":1}}},"1":{"name":"(anonymous_2)","decl":{"start":{"line":75,"column":33},"end":{"line":75,"column":32}},"loc":{"start":{"line":75,"column":33},"end":{"line":75,"column":16}}}},"branchMap":{"0":{"loc":{"start":{"line":70,"column":16},"end":{"line":70,"column":48}},"type":"if","locations":[{"start":{"line":70,"column":16},"end":{"line":70,"column":48}},{"start":{"line":70,"column":16},"end":{"line":70,"column":48}}]},"1":{"loc":{"start":{"line":72,"column":4},"end":{"line":75,"column":16}},"type":"switch","locations":[{"start":{"line":72,"column":4},"end":{"line":75,"column":16}},{"start":{"line":82,"column":4},"end":{"line":85,"column":70}},{"start":{"line":87,"column":4},"end":{"line":88,"column":13}}]},"2":{"loc":{"start":{"line":76,"column":10},"end":{"line":78,"column":11}},"type":"if","locations":[{"start":{"line":76,"column":10},"end":{"line":78,"column":11}},{"start":{"line":76,"column":10},"end":{"line":78,"column":11}}]}},"s":{"0":0,"1":0,"2":0,"3":0,"4":0,"5":0,"6":0,"7":0,"8":0,"9":0,"10":0,"11":0,"12":0},"f":{"0":0,"1":0},"b":{"0":[0,0],"1":[0,0,0],"2":[0,0]}}
}
