TN:
SF:/Users/valentijnnieman/dev/js/curve-visual/src/App.tsx
FN:10,(anonymous_5)
FN:11,(anonymous_7)
FNF:2
FNH:0
FNDA:0,(anonymous_5)
FNDA:0,(anonymous_7)
DA:1,0
DA:2,0
DA:3,0
DA:4,0
DA:5,0
DA:6,0
DA:7,0
DA:8,0
DA:10,0
DA:11,0
DA:12,0
DA:23,0
DA:25,0
LF:13
LH:0
BRDA:23,0,0,0
BRF:1
BRH:0
end_of_record
TN:
SF:/Users/valentijnnieman/dev/js/curve-visual/src/index.tsx
FNF:0
FNH:0
DA:1,0
DA:2,0
DA:3,0
DA:5,0
DA:7,0
LF:5
LH:0
BRF:0
BRH:0
end_of_record
TN:
SF:/Users/valentijnnieman/dev/js/curve-visual/src/registerServiceWorker.ts
FN:22,register
FN:36,(anonymous_1)
FN:50,registerValidSW
FN:53,(anonymous_3)
FN:54,(anonymous_4)
FN:57,(anonymous_5)
FN:76,(anonymous_6)
FN:81,checkValidServiceWorker
FN:84,(anonymous_8)
FN:91,(anonymous_9)
FN:92,(anonymous_10)
FN:101,(anonymous_11)
FN:108,unregister
FN:110,(anonymous_13)
FNF:14
FNH:0
FNDA:0,register
FNDA:0,(anonymous_1)
FNDA:0,registerValidSW
FNDA:0,(anonymous_3)
FNDA:0,(anonymous_4)
FNDA:0,(anonymous_5)
FNDA:0,(anonymous_6)
FNDA:0,checkValidServiceWorker
FNDA:0,(anonymous_8)
FNDA:0,(anonymous_9)
FNDA:0,(anonymous_10)
FNDA:0,(anonymous_11)
FNDA:0,unregister
FNDA:0,(anonymous_13)
DA:12,0
DA:22,0
DA:23,0
DA:25,0
DA:29,0
DA:33,0
DA:36,0
DA:37,0
DA:39,0
DA:41,0
DA:44,0
DA:51,0
DA:54,0
DA:55,0
DA:56,0
DA:57,0
DA:58,0
DA:59,0
DA:64,0
DA:69,0
DA:77,0
DA:83,0
DA:86,0
DA:91,0
DA:92,0
DA:93,0
DA:98,0
DA:102,0
DA:108,0
DA:109,0
DA:110,0
DA:111,0
LF:32
LH:0
BRDA:13,0,0,0
BRDA:13,0,1,0
BRDA:13,0,2,0
BRDA:23,1,0,0
BRDA:23,1,1,0
BRDA:23,2,0,0
BRDA:23,2,1,0
BRDA:29,3,0,0
BRDA:29,3,1,0
BRDA:39,4,0,0
BRDA:39,4,1,0
BRDA:56,5,0,0
BRDA:56,5,1,0
BRDA:58,6,0,0
BRDA:58,6,1,0
BRDA:59,7,0,0
BRDA:59,7,1,0
BRDA:86,8,0,0
BRDA:86,8,1,0
BRDA:87,9,0,0
BRDA:87,9,1,0
BRDA:109,10,0,0
BRDA:109,10,1,0
BRF:23
BRH:0
end_of_record
TN:
SF:/Users/valentijnnieman/dev/js/curve-visual/src/store.ts
FNF:0
FNH:0
DA:1,0
DA:2,0
DA:13,0
DA:15,0
LF:4
LH:0
BRF:0
BRH:0
end_of_record
TN:
SF:/Users/valentijnnieman/dev/js/curve-visual/src/actions/block.tsx
FN:18,updateBlock
FN:25,createBlock
FNF:2
FNH:0
FNDA:0,updateBlock
FNDA:0,createBlock
DA:18,1
DA:19,0
DA:25,1
DA:26,0
LF:4
LH:2
BRF:0
BRH:0
end_of_record
TN:
SF:/Users/valentijnnieman/dev/js/curve-visual/src/components/Analyser.tsx
FN:9,(anonymous_5)
FN:12,(anonymous_7)
FN:40,(anonymous_8)
FN:45,(anonymous_9)
FN:49,(anonymous_10)
FN:52,(anonymous_11)
FNF:6
FNH:6
FNDA:7,(anonymous_5)
FNDA:3,(anonymous_7)
FNDA:3,(anonymous_8)
FNDA:3,(anonymous_9)
FNDA:3,(anonymous_10)
FNDA:3,(anonymous_11)
DA:1,4
DA:9,4
DA:12,3
DA:13,3
DA:14,3
DA:15,3
DA:16,3
DA:17,3
DA:18,3
DA:20,3
DA:22,3
DA:23,3
DA:25,3
DA:26,3
DA:27,3
DA:29,3
DA:34,519
DA:37,3
DA:40,3
DA:41,3
DA:42,3
DA:45,4
DA:46,3
DA:49,4
DA:50,3
DA:53,3
DA:60,4
LF:27
LH:27
BRDA:9,0,0,3
BRDA:9,0,1,3
BRDA:9,0,2,3
BRDA:31,1,0,522
BRDA:31,1,1,522
BRF:5
BRH:5
end_of_record
TN:
SF:/Users/valentijnnieman/dev/js/curve-visual/src/components/block/BiquadBlock.tsx
FN:21,(anonymous_6)
FN:29,BiquadBlock
FN:38,(anonymous_8)
FN:64,(anonymous_9)
FN:84,(anonymous_10)
FN:95,(anonymous_11)
FN:113,(anonymous_12)
FN:124,(anonymous_13)
FN:127,(anonymous_14)
FN:145,(anonymous_15)
FN:146,(anonymous_16)
FN:159,(anonymous_17)
FN:160,(anonymous_18)
FN:166,(anonymous_19)
FN:216,(anonymous_20)
FN:221,(anonymous_21)
FNF:16
FNH:9
FNDA:2,(anonymous_6)
FNDA:1,BiquadBlock
FNDA:3,(anonymous_8)
FNDA:1,(anonymous_9)
FNDA:0,(anonymous_10)
FNDA:0,(anonymous_11)
FNDA:1,(anonymous_12)
FNDA:1,(anonymous_13)
FNDA:0,(anonymous_14)
FNDA:0,(anonymous_15)
FNDA:1,(anonymous_16)
FNDA:0,(anonymous_17)
FNDA:1,(anonymous_18)
FNDA:0,(anonymous_19)
FNDA:0,(anonymous_20)
FNDA:1,(anonymous_21)
DA:1,2
DA:4,2
DA:6,2
DA:9,2
DA:10,2
DA:12,2
DA:13,2
DA:14,2
DA:17,2
DA:19,2
DA:21,2
DA:30,1
DA:32,1
DA:33,1
DA:38,1
DA:40,3
DA:42,1
DA:44,1
DA:45,1
DA:47,1
DA:49,1
DA:50,1
DA:52,1
DA:54,1
DA:56,3
DA:64,1
DA:65,1
DA:66,1
DA:68,1
DA:69,1
DA:70,1
DA:77,1
DA:81,1
DA:84,1
DA:86,0
DA:89,0
DA:93,0
DA:95,1
DA:96,0
DA:97,0
DA:99,0
DA:100,0
DA:101,0
DA:106,0
DA:110,0
DA:113,2
DA:115,1
DA:121,1
DA:124,2
DA:125,1
DA:128,0
DA:145,0
DA:147,1
DA:159,0
DA:161,1
DA:166,0
DA:217,0
DA:222,1
DA:230,2
DA:231,2
LF:60
LH:45
BRDA:30,0,0,1
BRDA:30,0,1,1
BRDA:41,1,0,1
BRDA:41,1,1,1
BRDA:41,1,2,1
BRDA:69,2,0,1
BRDA:69,2,1,0
BRDA:69,3,0,1
BRDA:69,3,1,1
BRDA:100,4,0,0
BRDA:100,4,1,0
BRDA:100,5,0,0
BRDA:100,5,1,0
BRDA:32,6,0,1
BRDA:32,6,1,0
BRDA:213,7,0,0
BRDA:213,7,1,1
BRF:17
BRH:10
end_of_record
TN:
SF:/Users/valentijnnieman/dev/js/curve-visual/src/components/block/GainBlock.tsx
FN:17,(anonymous_6)
FN:23,GainBlock
FN:27,(anonymous_8)
FN:35,(anonymous_9)
FN:53,(anonymous_10)
FN:62,(anonymous_11)
FN:65,(anonymous_12)
FN:83,(anonymous_13)
FN:89,(anonymous_14)
FN:117,(anonymous_15)
FN:122,(anonymous_16)
FNF:11
FNH:8
FNDA:2,(anonymous_6)
FNDA:1,GainBlock
FNDA:1,(anonymous_8)
FNDA:1,(anonymous_9)
FNDA:1,(anonymous_10)
FNDA:1,(anonymous_11)
FNDA:0,(anonymous_12)
FNDA:1,(anonymous_13)
FNDA:0,(anonymous_14)
FNDA:0,(anonymous_15)
FNDA:1,(anonymous_16)
DA:1,2
DA:3,2
DA:5,2
DA:7,2
DA:8,2
DA:9,2
DA:14,2
DA:15,2
DA:17,2
DA:24,1
DA:25,1
DA:27,1
DA:28,1
DA:35,1
DA:36,1
DA:37,1
DA:38,1
DA:39,1
DA:41,1
DA:42,1
DA:45,1
DA:49,1
DA:53,2
DA:55,1
DA:60,1
DA:62,2
DA:63,1
DA:66,0
DA:84,1
DA:89,0
DA:118,0
DA:123,1
DA:131,2
DA:133,2
LF:34
LH:31
BRDA:24,0,0,1
BRDA:24,0,1,1
BRDA:39,1,0,1
BRDA:39,1,1,0
BRDA:39,2,0,1
BRDA:39,2,1,1
BRDA:41,3,0,1
BRDA:41,3,1,0
BRDA:114,4,0,1
BRDA:114,4,1,0
BRF:10
BRH:7
end_of_record
TN:
SF:/Users/valentijnnieman/dev/js/curve-visual/src/components/block/OscBlock.tsx
FN:22,(anonymous_6)
FN:30,OscBlock
FN:36,(anonymous_8)
FN:61,(anonymous_9)
FN:85,(anonymous_10)
FN:105,(anonymous_11)
FN:116,(anonymous_12)
FN:127,(anonymous_13)
FN:130,(anonymous_14)
FN:148,(anonymous_15)
FN:149,(anonymous_16)
FN:162,(anonymous_17)
FN:163,(anonymous_18)
FN:175,(anonymous_19)
FN:213,(anonymous_20)
FN:218,(anonymous_21)
FNF:16
FNH:10
FNDA:2,(anonymous_6)
FNDA:1,OscBlock
FNDA:2,(anonymous_8)
FNDA:3,(anonymous_9)
FNDA:1,(anonymous_10)
FNDA:0,(anonymous_11)
FNDA:1,(anonymous_12)
FNDA:1,(anonymous_13)
FNDA:0,(anonymous_14)
FNDA:0,(anonymous_15)
FNDA:1,(anonymous_16)
FNDA:0,(anonymous_17)
FNDA:1,(anonymous_18)
FNDA:0,(anonymous_19)
FNDA:0,(anonymous_20)
FNDA:1,(anonymous_21)
DA:1,2
DA:2,2
DA:4,2
DA:6,2
DA:11,2
DA:12,2
DA:14,2
DA:15,2
DA:16,2
DA:19,2
DA:20,2
DA:22,2
DA:31,1
DA:33,1
DA:36,1
DA:37,2
DA:38,2
DA:39,1
DA:40,1
DA:44,1
DA:45,1
DA:46,1
DA:51,1
DA:52,1
DA:53,1
DA:61,1
DA:62,3
DA:64,3
DA:66,1
DA:67,1
DA:68,1
DA:70,1
DA:71,1
DA:72,1
DA:74,1
DA:75,1
DA:77,3
DA:85,1
DA:86,1
DA:87,1
DA:89,1
DA:90,1
DA:91,1
DA:98,1
DA:102,1
DA:105,1
DA:107,0
DA:110,0
DA:114,0
DA:116,2
DA:118,1
DA:124,1
DA:127,2
DA:128,1
DA:131,0
DA:148,0
DA:150,1
DA:162,0
DA:164,1
DA:175,0
DA:214,0
DA:219,1
DA:227,2
DA:229,2
LF:64
LH:56
BRDA:31,0,0,1
BRDA:31,0,1,1
BRDA:38,1,0,1
BRDA:38,1,1,1
BRDA:65,2,0,1
BRDA:65,2,1,1
BRDA:65,2,2,1
BRDA:90,3,0,1
BRDA:90,3,1,0
BRDA:90,4,0,1
BRDA:90,4,1,1
BRDA:210,5,0,1
BRDA:210,5,1,0
BRF:13
BRH:11
end_of_record
TN:
SF:/Users/valentijnnieman/dev/js/curve-visual/src/components/ui/Code.tsx
FN:14,(anonymous_5)
FN:15,Code
FN:21,(anonymous_7)
FN:25,(anonymous_8)
FN:28,(anonymous_9)
FN:30,listener
FN:38,(anonymous_11)
FNF:7
FNH:1
FNDA:1,(anonymous_5)
FNDA:0,Code
FNDA:0,(anonymous_7)
FNDA:0,(anonymous_8)
FNDA:0,(anonymous_9)
FNDA:0,listener
FNDA:0,(anonymous_11)
DA:1,1
DA:2,1
DA:3,1
DA:4,1
DA:5,1
DA:14,1
DA:16,0
DA:17,0
DA:21,0
DA:22,0
DA:25,0
DA:26,0
DA:28,0
DA:29,0
DA:31,0
DA:32,0
DA:34,0
DA:35,0
DA:36,0
DA:38,1
DA:39,0
DA:69,1
LF:22
LH:8
BRDA:16,0,0,0
BRDA:16,0,1,0
BRF:2
BRH:0
end_of_record
TN:
SF:/Users/valentijnnieman/dev/js/curve-visual/src/components/ui/Dropdown.tsx
FN:17,(anonymous_6)
FN:18,Dropdown
FN:26,(anonymous_8)
FN:36,(anonymous_9)
FN:42,(anonymous_10)
FN:62,(anonymous_11)
FN:87,(anonymous_12)
FN:111,(anonymous_13)
FNF:8
FNH:0
FNDA:0,(anonymous_6)
FNDA:0,Dropdown
FNDA:0,(anonymous_8)
FNDA:0,(anonymous_9)
FNDA:0,(anonymous_10)
FNDA:0,(anonymous_11)
FNDA:0,(anonymous_12)
FNDA:0,(anonymous_13)
DA:1,0
DA:2,0
DA:3,0
DA:4,0
DA:5,0
DA:7,0
DA:8,0
DA:10,0
DA:17,0
DA:19,0
DA:21,0
DA:26,0
DA:28,0
DA:30,0
DA:36,0
DA:37,0
DA:42,0
DA:43,0
DA:63,0
DA:78,0
DA:82,0
DA:88,0
DA:102,0
DA:106,0
DA:112,0
DA:124,0
DA:128,0
DA:135,0
DA:136,0
LF:29
LH:0
BRDA:19,0,0,0
BRDA:19,0,1,0
BRF:2
BRH:0
end_of_record
TN:
SF:/Users/valentijnnieman/dev/js/curve-visual/src/components/ui/Topbar.tsx
FN:28,(anonymous_5)
FN:30,Topbar
FN:36,(anonymous_7)
FN:45,(anonymous_8)
FN:50,(anonymous_9)
FN:65,(anonymous_10)
FN:70,(anonymous_11)
FN:72,(anonymous_12)
FNF:8
FNH:0
FNDA:0,(anonymous_5)
FNDA:0,Topbar
FNDA:0,(anonymous_7)
FNDA:0,(anonymous_8)
FNDA:0,(anonymous_9)
FNDA:0,(anonymous_10)
FNDA:0,(anonymous_11)
FNDA:0,(anonymous_12)
DA:1,0
DA:2,0
DA:3,0
DA:5,0
DA:6,0
DA:8,0
DA:11,0
DA:12,0
DA:14,0
DA:17,0
DA:28,0
DA:31,0
DA:32,0
DA:36,0
DA:37,0
DA:45,0
DA:50,0
DA:63,0
DA:64,0
DA:65,0
DA:66,0
DA:70,0
DA:71,0
DA:72,0
DA:76,0
LF:25
LH:0
BRDA:31,0,0,0
BRDA:31,0,1,0
BRF:2
BRH:0
end_of_record
TN:
SF:/Users/valentijnnieman/dev/js/curve-visual/src/lib/joyrideSteps.ts
FNF:0
FNH:0
DA:1,0
LF:1
LH:0
BRF:0
BRH:0
end_of_record
TN:
SF:/Users/valentijnnieman/dev/js/curve-visual/src/lib/helpers/Editor.ts
FN:6,(anonymous_0)
FN:54,(anonymous_1)
FN:59,(anonymous_2)
FN:61,(anonymous_3)
FN:97,(anonymous_4)
FN:101,(anonymous_5)
FN:119,(anonymous_6)
FN:152,(anonymous_7)
FN:194,(anonymous_8)
FNF:9
FNH:6
FNDA:24,(anonymous_0)
FNDA:2,(anonymous_1)
FNDA:8,(anonymous_2)
FNDA:1,(anonymous_3)
FNDA:2,(anonymous_4)
FNDA:8,(anonymous_5)
FNDA:0,(anonymous_6)
FNDA:0,(anonymous_7)
FNDA:0,(anonymous_8)
DA:6,6
DA:10,24
DA:11,24
DA:12,24
DA:13,24
DA:14,24
DA:15,6
DA:16,6
DA:17,6
DA:18,6
DA:19,6
DA:24,6
DA:25,18
DA:26,12
DA:30,12
DA:31,6
DA:32,6
DA:33,6
DA:34,6
DA:35,6
DA:36,6
DA:37,6
DA:42,6
DA:45,0
DA:49,0
DA:54,6
DA:58,2
DA:59,2
DA:60,8
DA:61,1
DA:63,1
DA:65,0
DA:67,1
DA:69,1
DA:70,1
DA:72,0
DA:74,0
DA:76,0
DA:77,0
DA:80,1
DA:89,1
DA:93,2
DA:97,6
DA:99,2
DA:100,2
DA:101,2
DA:103,8
DA:104,8
DA:105,2
DA:114,2
DA:115,1
DA:117,0
DA:119,1
DA:120,0
DA:121,0
DA:122,0
DA:123,0
DA:126,0
DA:127,0
DA:131,0
DA:135,0
DA:136,0
DA:143,2
DA:144,6
DA:145,4
DA:147,4
DA:148,0
DA:150,0
DA:152,0
DA:153,0
DA:154,0
DA:155,0
DA:156,0
DA:159,0
DA:160,0
DA:164,0
DA:168,0
DA:169,0
DA:176,4
DA:177,2
DA:178,2
DA:189,2
DA:190,0
DA:192,0
DA:194,0
DA:195,0
DA:196,0
DA:197,0
DA:198,0
DA:201,0
DA:202,0
DA:206,0
DA:210,0
DA:211,0
DA:218,2
DA:221,2
LF:96
LH:55
BRDA:14,0,0,6
BRDA:14,0,1,18
BRDA:25,1,0,12
BRDA:25,1,1,6
BRDA:31,2,0,6
BRDA:31,2,1,0
BRDA:60,3,0,1
BRDA:60,3,1,7
BRDA:63,4,0,0
BRDA:63,4,1,1
BRDA:68,5,0,1
BRDA:68,5,1,0
BRDA:68,5,2,0
BRDA:104,6,0,2
BRDA:104,6,1,6
BRDA:104,7,0,8
BRDA:104,7,1,8
BRDA:114,8,0,1
BRDA:114,8,1,1
BRDA:115,9,0,0
BRDA:115,9,1,1
BRDA:120,10,0,0
BRDA:120,10,1,0
BRDA:120,11,0,0
BRDA:120,11,1,0
BRDA:122,12,0,0
BRDA:122,12,1,0
BRDA:126,13,0,0
BRDA:126,13,1,0
BRDA:135,14,0,0
BRDA:135,14,1,0
BRDA:144,15,0,4
BRDA:144,15,1,2
BRDA:144,16,0,6
BRDA:144,16,1,6
BRDA:147,17,0,0
BRDA:147,17,1,4
BRDA:148,18,0,0
BRDA:148,18,1,0
BRDA:153,19,0,0
BRDA:153,19,1,0
BRDA:153,20,0,0
BRDA:153,20,1,0
BRDA:155,21,0,0
BRDA:155,21,1,0
BRDA:159,22,0,0
BRDA:159,22,1,0
BRDA:168,23,0,0
BRDA:168,23,1,0
BRDA:177,24,0,2
BRDA:177,24,1,0
BRDA:177,25,0,2
BRDA:177,25,1,2
BRDA:189,26,0,0
BRDA:189,26,1,2
BRDA:190,27,0,0
BRDA:190,27,1,0
BRDA:195,28,0,0
BRDA:195,28,1,0
BRDA:195,29,0,0
BRDA:195,29,1,0
BRDA:197,30,0,0
BRDA:197,30,1,0
BRDA:201,31,0,0
BRDA:201,31,1,0
BRDA:210,32,0,0
BRDA:210,32,1,0
BRF:67
BRH:25
end_of_record
TN:
SF:/Users/valentijnnieman/dev/js/curve-visual/src/lib/helpers/Mocks.ts
FNF:0
FNH:0
DA:2,6
DA:4,6
DA:6,6
DA:8,6
DA:15,6
DA:22,6
DA:28,6
DA:83,6
DA:105,6
LF:9
LH:9
BRF:0
BRH:0
end_of_record
TN:
SF:/Users/valentijnnieman/dev/js/curve-visual/src/lib/hoc/Block.tsx
FN:10,(anonymous_6)
FN:13,(anonymous_7)
FN:14,class_1
FN:17,(anonymous_9)
FN:22,(anonymous_10)
FN:26,(anonymous_11)
FN:35,(anonymous_12)
FN:57,(anonymous_13)
FN:64,(anonymous_14)
FN:66,(anonymous_15)
FN:69,(anonymous_16)
FN:70,(anonymous_17)
FN:80,(anonymous_18)
FN:88,(anonymous_19)
FNF:14
FNH:8
FNDA:7,(anonymous_6)
FNDA:7,(anonymous_7)
FNDA:1,class_1
FNDA:1,(anonymous_9)
FNDA:1,(anonymous_10)
FNDA:0,(anonymous_11)
FNDA:1,(anonymous_12)
FNDA:1,(anonymous_13)
FNDA:0,(anonymous_14)
FNDA:0,(anonymous_15)
FNDA:0,(anonymous_16)
FNDA:0,(anonymous_17)
FNDA:0,(anonymous_18)
FNDA:1,(anonymous_19)
DA:1,5
DA:10,5
DA:13,7
DA:15,1
DA:17,1
DA:18,1
DA:22,1
DA:23,1
DA:24,1
DA:25,1
DA:26,1
DA:27,0
DA:28,0
DA:31,1
DA:32,0
DA:35,1
DA:40,1
DA:41,0
DA:47,0
DA:49,1
DA:54,1
DA:57,1
DA:58,1
DA:64,1
DA:65,0
DA:66,0
DA:67,0
DA:68,0
DA:69,0
DA:71,0
DA:74,0
DA:75,0
DA:77,0
DA:80,7
DA:81,0
DA:82,0
DA:83,0
DA:85,0
DA:88,7
DA:89,1
DA:100,7
LF:41
LH:23
BRDA:15,0,0,1
BRDA:15,0,1,1
BRDA:27,1,0,0
BRDA:27,1,1,0
BRDA:31,2,0,0
BRDA:31,2,1,1
BRDA:40,3,0,0
BRDA:40,3,1,1
BRDA:74,4,0,0
BRDA:74,4,1,0
BRDA:81,5,0,0
BRDA:81,5,1,0
BRF:12
BRH:4
end_of_record
TN:
SF:/Users/valentijnnieman/dev/js/curve-visual/src/pages/Editor.tsx
FN:48,(anonymous_6)
FN:53,Editor
FN:63,(anonymous_8)
FN:99,(anonymous_9)
FN:110,(anonymous_10)
FN:119,(anonymous_11)
FN:141,(anonymous_12)
FN:157,(anonymous_13)
FN:172,(anonymous_14)
FN:187,(anonymous_15)
FN:221,(anonymous_16)
FN:229,(anonymous_17)
FN:213,(anonymous_18)
FN:236,(anonymous_19)
FN:238,(anonymous_20)
FN:287,(anonymous_21)
FN:299,(anonymous_22)
FN:321,(anonymous_23)
FN:322,(anonymous_24)
FN:345,(anonymous_25)
FN:348,(anonymous_26)
FN:359,(anonymous_27)
FN:366,(anonymous_28)
FN:368,(anonymous_29)
FNF:24
FNH:11
FNDA:1,(anonymous_6)
FNDA:1,Editor
FNDA:2,(anonymous_8)
FNDA:3,(anonymous_9)
FNDA:3,(anonymous_10)
FNDA:3,(anonymous_11)
FNDA:4,(anonymous_12)
FNDA:3,(anonymous_13)
FNDA:3,(anonymous_14)
FNDA:0,(anonymous_15)
FNDA:0,(anonymous_16)
FNDA:0,(anonymous_17)
FNDA:0,(anonymous_18)
FNDA:12,(anonymous_19)
FNDA:48,(anonymous_20)
FNDA:0,(anonymous_21)
FNDA:0,(anonymous_22)
FNDA:0,(anonymous_23)
FNDA:0,(anonymous_24)
FNDA:0,(anonymous_25)
FNDA:0,(anonymous_26)
FNDA:0,(anonymous_27)
FNDA:0,(anonymous_28)
FNDA:0,(anonymous_29)
DA:1,1
DA:3,1
DA:4,1
DA:5,1
DA:6,1
DA:7,1
DA:18,1
DA:20,1
DA:23,1
DA:24,1
DA:26,1
DA:48,1
DA:51,1
DA:54,1
DA:56,1
DA:61,1
DA:63,1
DA:65,2
DA:66,2
DA:67,2
DA:68,2
DA:69,2
DA:71,2
DA:73,2
DA:86,2
DA:90,2
DA:94,2
DA:97,2
DA:99,1
DA:100,3
DA:110,1
DA:112,3
DA:113,3
DA:114,3
DA:115,3
DA:119,3
DA:121,3
DA:123,3
DA:124,2
DA:126,2
DA:127,2
DA:130,2
DA:132,2
DA:133,2
DA:136,1
DA:141,1
DA:148,4
DA:157,1
DA:164,3
DA:165,3
DA:174,3
DA:179,1
DA:181,2
DA:187,1
DA:188,0
DA:189,0
DA:190,0
DA:195,0
DA:209,0
DA:210,0
DA:213,1
DA:214,0
DA:215,0
DA:219,0
DA:221,1
DA:222,0
DA:223,0
DA:229,1
DA:230,0
DA:232,0
DA:236,12
DA:237,12
DA:239,48
DA:240,48
DA:241,12
DA:253,36
DA:254,24
DA:266,12
DA:267,12
DA:280,0
DA:283,0
DA:287,12
DA:288,0
DA:300,0
DA:307,12
DA:308,7
DA:320,12
DA:321,0
DA:322,0
DA:346,0
DA:349,0
DA:357,1
DA:359,1
DA:360,0
DA:366,1
DA:367,0
DA:368,0
DA:372,1
LF:98
LH:74
BRDA:54,0,0,1
BRDA:54,0,1,1
BRDA:71,1,0,2
BRDA:71,1,1,0
BRDA:71,2,0,2
BRDA:71,2,1,2
BRDA:71,2,2,2
BRDA:117,3,0,1
BRDA:117,3,1,2
BRDA:123,4,0,2
BRDA:123,4,1,1
BRDA:132,5,0,2
BRDA:132,5,1,0
BRDA:164,6,0,3
BRDA:164,6,1,0
BRDA:174,7,0,1
BRDA:174,7,1,2
BRDA:189,8,0,0
BRDA:189,8,1,0
BRDA:222,9,0,0
BRDA:222,9,1,0
BRDA:230,10,0,0
BRDA:230,10,1,0
BRDA:239,11,0,48
BRDA:239,11,1,0
BRDA:240,12,0,12
BRDA:240,12,1,36
BRDA:253,13,0,24
BRDA:253,13,1,12
BRDA:266,14,0,12
BRDA:266,14,1,0
BRDA:307,15,0,7
BRDA:307,15,1,5
BRDA:307,16,0,12
BRDA:307,16,1,7
BRDA:342,17,0,0
BRDA:342,17,1,12
BRF:37
BRH:25
end_of_record
TN:
SF:/Users/valentijnnieman/dev/js/curve-visual/src/reducers/index.ts
FN:70,(anonymous_1)
FN:75,(anonymous_2)
FNF:2
FNH:0
FNDA:0,(anonymous_1)
FNDA:0,(anonymous_2)
DA:3,0
DA:5,0
DA:7,0
DA:52,0
DA:70,0
DA:71,0
DA:73,0
DA:76,0
DA:77,0
DA:79,0
DA:83,0
DA:88,0
LF:12
LH:0
BRDA:70,0,0,0
BRDA:70,0,1,0
BRDA:72,1,0,0
BRDA:72,1,1,0
BRDA:72,1,2,0
BRDA:76,2,0,0
BRDA:76,2,1,0
BRF:7
BRH:0
end_of_record
